#%%field-000=date-time,string8
#%%field-001=facility,string8
#%%field-002=level,int8
#%%field-003=mem usage (MB),string8
#%%field-004=message,string8
#
date-time	facility	level	mem usage (MB)	message
06/23/2025 16:05:53	GUI,INFO,LOG	1	5	logging to file 'C:\Users\curly\Desktop\Apple Genotyping\Methods\PLINK Duplicate Identification\JD_PFR_Genotyping.log'
06/23/2025 16:05:53	INFO	1	5	Application: C:\Program Files\Thermo Fisher Scientific\AxiomAnalysisSuite\apt-format-result.exe
06/23/2025 16:05:53	INFO	1	5	Version: 2.10.2.2 stash.amer.thermo.com/ma-alg/apt2-genotyping.git/release/APT_2.10.2.2@23da20cf1d(75b176a197) 2018-12-20-19:39
06/23/2025 16:05:53	INFO	1	5	CPP version: c++11,c++14 (199711L) 
06/23/2025 16:05:53	INFO	1	5	Log file selector: "*:9"
06/23/2025 16:05:53	INFO	1	5	Console selector: "OR(info,warning,error,help,INFO,WARNING,ERROR,HELP)"
06/23/2025 16:05:53	INFO	1	5	Socket selector: "OR(gui,progress,warning,error,summary,GUI,PROGRESS,WARNING,ERROR)"
06/23/2025 16:05:53	info,LOG	1	5	SockerServer::WSAStartup(...)
06/23/2025 16:05:53	info,LOG	1	5	SockerServer::socket(...)
06/23/2025 16:05:53	info,LOG	1	5	SockerServer::bind(...)
06/23/2025 16:05:53	info,LOG	1	5	SockerServer::listen(...)
06/23/2025 16:05:53	info,LOG	1	5	SockerServer::accept(...)
06/23/2025 16:05:54	runtime,PROGRESS	1	5	0.000000,0.000000,0.000000,starting
06/23/2025 16:05:54	DEBUG	1	5	creating... main FormatResultEngineNode
06/23/2025 16:05:54	DEBUG	1	5	creating... export-node FormatResultNode
06/23/2025 16:05:54	DEBUG	1	5	creating... export-cnv-node FormatResultCnvNode
06/23/2025 16:05:54	DEBUG	1	5	creating... export-igv-node FormatResultIgvNode
06/23/2025 16:05:54	DEBUG,LOG	1	5	original command line: C:\Program Files\Thermo Fisher Scientific\AxiomAnalysisSuite\apt-format-result.exe --use-sockets true --socket-port 54536 --batch-folder C:\Users\Public\Documents\AxiomAnalysisSuite\Output\JD_PFR_Combined_Genotyping --log-file C:\Users\curly\Desktop\Apple Genotyping\Methods\PLINK Duplicate Identification\JD_PFR_Genotyping.log --export-plink-file C:\Users\curly\Desktop\Apple Genotyping\Methods\PLINK Duplicate Identification\JD_PFR_Genotyping --snp-list-file C:\Users\curly\Desktop\Apple Genotyping\Methods\Filtering and Preparation\Selected_SNPs.txt --export-call-format call_code --annotation-file C:\Users\Public\Documents\AxiomAnalysisSuite\Library\Axiom JKI50k Md (Pommier) JKI50kMd\Axiom_JKI50kMd.r1.annot.db --plink-sort-by-chrpos
06/23/2025 16:05:54	INFO	1	5	FormatResultEngineNode::doInit(...) start
06/23/2025 16:05:54	INFO	1	5	FormatResultEngineNode::doInit(...) stop
06/23/2025 16:05:54	DEBUG	7	5	NodeParam::doCheck(): 'MainNode:@dump-nodes'
06/23/2025 16:05:54	DEBUG	7	5	NodeParam::doCheck(): 'MainNode:@dump-nodes-long'
06/23/2025 16:05:54	DEBUG	7	5	NodeParam::doCheck(): 'MainNode:@dump-nodes-classes'
06/23/2025 16:05:54	DEBUG	7	5	NodeParam::doCheck(): 'MainNode:@dump-data-flow'
06/23/2025 16:05:54	DEBUG	7	5	NodeParam::doCheck(): 'MainNode:@dump-param'
06/23/2025 16:05:54	DEBUG	7	5	NodeParam::doCheck(): 'MainNode:@dump-param-long'
06/23/2025 16:05:54	DEBUG	7	5	NodeParam::doCheck(): 'MainNode:@dump-param-dev'
06/23/2025 16:05:54	DEBUG	7	5	NodeParam::doCheck(): 'MainNode:@dump-param-long-dev'
06/23/2025 16:05:54	DEBUG	7	5	NodeParam::doCheck(): 'MainNode:@dump-all'
06/23/2025 16:05:54	DEBUG	7	5	NodeParam::doCheck(): 'MainNode:@dump-all-long'
06/23/2025 16:05:54	DEBUG	7	5	NodeParam::doCheck(): 'MainNode:@log-machine-name'
06/23/2025 16:05:54	DEBUG	7	5	NodeParam::doCheck(): 'MainNode:enable'
06/23/2025 16:05:54	DEBUG	7	5	NodeParam::doCheck(): 'MainNode:disable'
06/23/2025 16:05:54	DEBUG	7	5	NodeParam::doCheck(): 'MainNode:@serialize'
06/23/2025 16:05:54	DEBUG	7	5	NodeParam::doCheck(): 'MainNode:@serialize-pre'
06/23/2025 16:05:54	DEBUG	7	5	NodeParam::doCheck(): 'MainNode:@serialize-post'
06/23/2025 16:05:54	DEBUG	7	5	NodeParam::doCheck(): 'MainNode:@stop'
06/23/2025 16:05:54	DEBUG	7	5	NodeParam::doCheck(): 'MainNode:@stop-after'
06/23/2025 16:05:54	DEBUG	7	5	NodeParam::doCheck(): 'MainNode:version'
06/23/2025 16:05:54	DEBUG	7	5	NodeParam::doCheck(): 'MainNode:user-help'
06/23/2025 16:05:54	DEBUG	7	5	NodeParam::doCheck(): 'MainNode:@dev-help'
06/23/2025 16:05:54	DEBUG	7	5	NodeParam::doCheck(): 'MainNode:@doxygen-help'
06/23/2025 16:05:54	DEBUG	7	5	NodeParam::doCheck(): 'MainNode:log-file'
06/23/2025 16:05:54	DEBUG	7	5	NodeParam::doCheck(): 'MainNode:@log-select'
06/23/2025 16:05:54	DEBUG	7	5	NodeParam::doCheck(): 'MainNode:@console-select'
06/23/2025 16:05:54	DEBUG	7	5	NodeParam::doCheck(): 'MainNode:@socket-select'
06/23/2025 16:05:54	DEBUG	7	5	NodeParam::doCheck(): 'MainNode:console-add-select'
06/23/2025 16:05:54	DEBUG	7	5	NodeParam::doCheck(): 'MainNode:console-add-neg-select'
06/23/2025 16:05:54	DEBUG	7	5	NodeParam::doCheck(): 'MainNode:arg-file'
06/23/2025 16:05:54	DEBUG	7	5	NodeParam::doCheck(): 'MainNode:check-param'
06/23/2025 16:05:54	DEBUG	7	5	NodeParam::doCheck(): 'MainNode:@serialize-dir'
06/23/2025 16:05:54	DEBUG	7	5	NodeParam::doCheck(): 'MainNode:@short-serialize-names'
06/23/2025 16:05:54	DEBUG	7	5	NodeParam::doCheck(): 'MainNode:@resume-file'
06/23/2025 16:05:54	DEBUG	7	5	NodeParam::doCheck(): 'MainNode:@debug'
06/23/2025 16:05:54	DEBUG	7	5	NodeParam::doCheck(): 'MainNode:@break'
06/23/2025 16:05:54	DEBUG	7	5	NodeParam::doCheck(): 'MainNode:@dump-classes'
06/23/2025 16:05:54	DEBUG	7	5	NodeParam::doCheck(): 'MainNode:@dump-all-param-xml'
06/23/2025 16:05:54	DEBUG	7	5	NodeParam::doCheck(): 'MainNode:@dump-user-param-xml'
06/23/2025 16:05:54	DEBUG	7	5	NodeParam::doCheck(): 'MainNode:@export-html-doc'
06/23/2025 16:05:54	DEBUG	7	5	NodeParam::doCheck(): 'MainNode:use-sockets'
06/23/2025 16:05:54	DEBUG	7	5	NodeParam::doCheck(): 'MainNode:socket-host'
06/23/2025 16:05:54	DEBUG	7	5	NodeParam::doCheck(): 'MainNode:socket-port'
06/23/2025 16:05:54	DEBUG	7	5	NodeParam::doCheck(): 'MainNode-main:@dump-nodes'
06/23/2025 16:05:54	DEBUG	7	5	NodeParam::doCheck(): 'MainNode-main:@dump-nodes-long'
06/23/2025 16:05:54	DEBUG	7	5	NodeParam::doCheck(): 'MainNode-main:@dump-nodes-classes'
06/23/2025 16:05:54	DEBUG	7	5	NodeParam::doCheck(): 'MainNode-main:@dump-data-flow'
06/23/2025 16:05:54	DEBUG	7	5	NodeParam::doCheck(): 'MainNode-main:@dump-param'
06/23/2025 16:05:54	DEBUG	7	5	NodeParam::doCheck(): 'MainNode-main:@dump-param-long'
06/23/2025 16:05:54	DEBUG	7	5	NodeParam::doCheck(): 'MainNode-main:@dump-param-dev'
06/23/2025 16:05:54	DEBUG	7	5	NodeParam::doCheck(): 'MainNode-main:@dump-param-long-dev'
06/23/2025 16:05:54	DEBUG	7	5	NodeParam::doCheck(): 'MainNode-main:@dump-all'
06/23/2025 16:05:54	DEBUG	7	5	NodeParam::doCheck(): 'MainNode-main:@dump-all-long'
06/23/2025 16:05:54	DEBUG	7	5	NodeParam::doCheck(): 'MainNode-main:@log-machine-name'
06/23/2025 16:05:54	DEBUG	7	5	NodeParam::doCheck(): 'MainNode-main:enable'
06/23/2025 16:05:54	DEBUG	7	5	NodeParam::doCheck(): 'MainNode-main:disable'
06/23/2025 16:05:54	DEBUG	7	5	NodeParam::doCheck(): 'MainNode-main:@serialize'
06/23/2025 16:05:54	DEBUG	7	5	NodeParam::doCheck(): 'MainNode-main:@serialize-pre'
06/23/2025 16:05:54	DEBUG	7	5	NodeParam::doCheck(): 'MainNode-main:@serialize-post'
06/23/2025 16:05:54	DEBUG	7	5	NodeParam::doCheck(): 'MainNode-main:@stop'
06/23/2025 16:05:54	DEBUG	7	5	NodeParam::doCheck(): 'MainNode-main:@stop-after'
06/23/2025 16:05:54	DEBUG	7	5	NodeParam::doCheck(): 'MainNode-main:run-format-cnv'
06/23/2025 16:05:54	DEBUG	7	5	NodeParam::doCheck(): 'MainNode-main:run-format-igv'
06/23/2025 16:05:54	INFO	1	5	FormatResultEngineNode::doCheckParam(...) start
06/23/2025 16:05:54	INFO	1	5	run-format-cnv: off
06/23/2025 16:05:54	INFO	1	5	run-format-igv: off
06/23/2025 16:05:54	INFO	1	5	FormatResultEngineNode::doCheckParam(...) stop
06/23/2025 16:05:54	DEBUG	7	5	NodeParam::doCheck(): 'MainNode-main-export-node:@dump-nodes'
06/23/2025 16:05:54	DEBUG	7	5	NodeParam::doCheck(): 'MainNode-main-export-node:@dump-nodes-long'
06/23/2025 16:05:54	DEBUG	7	5	NodeParam::doCheck(): 'MainNode-main-export-node:@dump-nodes-classes'
06/23/2025 16:05:54	DEBUG	7	5	NodeParam::doCheck(): 'MainNode-main-export-node:@dump-data-flow'
06/23/2025 16:05:54	DEBUG	7	5	NodeParam::doCheck(): 'MainNode-main-export-node:@dump-param'
06/23/2025 16:05:54	DEBUG	7	5	NodeParam::doCheck(): 'MainNode-main-export-node:@dump-param-long'
06/23/2025 16:05:54	DEBUG	7	5	NodeParam::doCheck(): 'MainNode-main-export-node:@dump-param-dev'
06/23/2025 16:05:54	DEBUG	7	5	NodeParam::doCheck(): 'MainNode-main-export-node:@dump-param-long-dev'
06/23/2025 16:05:54	DEBUG	7	5	NodeParam::doCheck(): 'MainNode-main-export-node:@dump-all'
06/23/2025 16:05:54	DEBUG	7	5	NodeParam::doCheck(): 'MainNode-main-export-node:@dump-all-long'
06/23/2025 16:05:54	DEBUG	7	5	NodeParam::doCheck(): 'MainNode-main-export-node:@log-machine-name'
06/23/2025 16:05:54	DEBUG	7	5	NodeParam::doCheck(): 'MainNode-main-export-node:enable'
06/23/2025 16:05:54	DEBUG	7	5	NodeParam::doCheck(): 'MainNode-main-export-node:disable'
06/23/2025 16:05:54	DEBUG	7	5	NodeParam::doCheck(): 'MainNode-main-export-node:@serialize'
06/23/2025 16:05:54	DEBUG	7	5	NodeParam::doCheck(): 'MainNode-main-export-node:@serialize-pre'
06/23/2025 16:05:54	DEBUG	7	5	NodeParam::doCheck(): 'MainNode-main-export-node:@serialize-post'
06/23/2025 16:05:54	DEBUG	7	5	NodeParam::doCheck(): 'MainNode-main-export-node:@stop'
06/23/2025 16:05:54	DEBUG	7	5	NodeParam::doCheck(): 'MainNode-main-export-node:@stop-after'
06/23/2025 16:05:54	DEBUG	7	5	NodeParam::doCheck(): 'MainNode-main-export-node:batch-folder'
06/23/2025 16:05:54	info	4	5	MainNode-main-export-node:batch-folder: checking 'C:\Users\Public\Documents\AxiomAnalysisSuite\Output\JD_PFR_Combined_Genotyping' dir should exist.
06/23/2025 16:05:54	DEBUG	7	5	NodeParam::doCheck(): 'MainNode-main-export-node:batch-folder-data-dir'
06/23/2025 16:05:54	DEBUG	7	5	NodeParam::doCheck(): 'MainNode-main-export-node:calls-file'
06/23/2025 16:05:54	DEBUG	7	5	NodeParam::doCheck(): 'MainNode-main-export-node:sample-filter-file'
06/23/2025 16:05:54	DEBUG	7	5	NodeParam::doCheck(): 'MainNode-main-export-node:sample-attributes-file'
06/23/2025 16:05:54	DEBUG	7	5	NodeParam::doCheck(): 'MainNode-main-export-node:export-alternate-sample-names'
06/23/2025 16:05:54	DEBUG	7	5	NodeParam::doCheck(): 'MainNode-main-export-node:annotation-file'
06/23/2025 16:05:54	DEBUG	7	5	NodeParam::doCheck(): 'MainNode-main-export-node:annotation-columns'
06/23/2025 16:05:54	DEBUG	7	5	NodeParam::doCheck(): 'MainNode-main-export-node:snp-list-file'
06/23/2025 16:05:54	info	4	5	MainNode-main-export-node:snp-list-file: checking 'C:\Users\curly\Desktop\Apple Genotyping\Methods\Filtering and Preparation\Selected_SNPs.txt' file should exist.
06/23/2025 16:05:54	DEBUG	7	5	NodeParam::doCheck(): 'MainNode-main-export-node:snp-identifier-column'
06/23/2025 16:05:54	DEBUG	7	5	NodeParam::doCheck(): 'MainNode-main-export-node:pedigree-file'
06/23/2025 16:05:54	DEBUG	7	5	NodeParam::doCheck(): 'MainNode-main-export-node:cn-region-calls-file'
06/23/2025 16:05:54	DEBUG	7	5	NodeParam::doCheck(): 'MainNode-main-export-node:export-confidence'
06/23/2025 16:05:54	DEBUG	7	5	NodeParam::doCheck(): 'MainNode-main-export-node:export-log-ratio'
06/23/2025 16:05:54	DEBUG	7	5	NodeParam::doCheck(): 'MainNode-main-export-node:export-strength'
06/23/2025 16:05:54	DEBUG	7	5	NodeParam::doCheck(): 'MainNode-main-export-node:export-allele-signals'
06/23/2025 16:05:54	DEBUG	7	5	NodeParam::doCheck(): 'MainNode-main-export-node:export-chr-shortname'
06/23/2025 16:05:54	DEBUG	7	5	NodeParam::doCheck(): 'MainNode-main-export-node:export-call-format'
06/23/2025 16:05:54	DEBUG	7	5	NodeParam::doCheck(): 'MainNode-main-export-node:export-basecall-otv'
06/23/2025 16:05:54	DEBUG	7	5	NodeParam::doCheck(): 'MainNode-main-export-node:@export-plink-multiallele-snps'
06/23/2025 16:05:54	DEBUG	7	5	NodeParam::doCheck(): 'MainNode-main-export-node:enable-divider'
06/23/2025 16:05:54	DEBUG	7	5	NodeParam::doCheck(): 'MainNode-main-export-node:input-plink-file'
06/23/2025 16:05:54	DEBUG	7	5	NodeParam::doCheck(): 'MainNode-main-export-node:plink-allele-delimited'
06/23/2025 16:05:54	DEBUG	7	5	NodeParam::doCheck(): 'MainNode-main-export-node:plink-columns-delimited'
06/23/2025 16:05:54	DEBUG	7	5	NodeParam::doCheck(): 'MainNode-main-export-node:plink-abstract-callcodes'
06/23/2025 16:05:54	DEBUG	7	5	NodeParam::doCheck(): 'MainNode-main-export-node:plink-missing-genotype'
06/23/2025 16:05:54	DEBUG	7	5	NodeParam::doCheck(): 'MainNode-main-export-node:plink-sort-by-chrpos'
06/23/2025 16:05:54	DEBUG	7	5	NodeParam::doCheck(): 'MainNode-main-export-node:performance-file'
06/23/2025 16:05:54	DEBUG	7	5	NodeParam::doCheck(): 'MainNode-main-export-node:export-txt-file'
06/23/2025 16:05:54	DEBUG	7	5	NodeParam::doCheck(): 'MainNode-main-export-node:export-plink-file'
06/23/2025 16:05:54	DEBUG	7	5	NodeParam::doCheck(): 'MainNode-main-export-node:export-plinkt-file'
06/23/2025 16:05:54	DEBUG	7	5	NodeParam::doCheck(): 'MainNode-main-export-node:export-vcf-file'
06/23/2025 16:05:54	INFO	1	5	***** Option Values *****
06/23/2025 16:05:54	INFO	1	5	batch-folder: C:\Users\Public\Documents\AxiomAnalysisSuite\Output\JD_PFR_Combined_Genotyping
06/23/2025 16:05:54	INFO	1	5	annotation-file: C:\Users\Public\Documents\AxiomAnalysisSuite\Library\Axiom JKI50k Md (Pommier) JKI50kMd\Axiom_JKI50kMd.r1.annot.db
06/23/2025 16:05:54	INFO	1	5	annotation-columns: 
06/23/2025 16:05:54	INFO	1	5	snp-list-file: C:\Users\curly\Desktop\Apple Genotyping\Methods\Filtering and Preparation\Selected_SNPs.txt
06/23/2025 16:05:54	INFO	1	5	snp-identifier-column: probeset_id
06/23/2025 16:05:54	INFO	1	5	export-txt-file: 
06/23/2025 16:05:54	INFO	1	5	export-vcf-file: 
06/23/2025 16:05:54	INFO	1	5	export-plink-file: C:\Users\curly\Desktop\Apple Genotyping\Methods\PLINK Duplicate Identification\JD_PFR_Genotyping
06/23/2025 16:05:54	INFO	1	5	export-plinkt-file: 
06/23/2025 16:05:54	INFO	1	5	export-call-format: call_code
06/23/2025 16:05:54	INFO	1	5	export-confidence: off
06/23/2025 16:05:54	INFO	1	5	export-log-ratio: off
06/23/2025 16:05:54	INFO	1	5	export-strength: off
06/23/2025 16:05:54	INFO	1	5	export-allele-signals: off
06/23/2025 16:05:54	INFO	1	5	export-chr-shortname: off
06/23/2025 16:05:54	INFO	1	5	plink-abstract-callcodes: off
06/23/2025 16:05:54	INFO	1	5	export-allele-signals: 0
06/23/2025 16:05:54	LOG,INFO,GUI	1	5	MainNode::doRunAll(...) start
06/23/2025 16:05:54	LOG,INFO,GUI	1	5	FormatResultEngineNode::doRunAll(...) start
06/23/2025 16:05:54	LOG,INFO,GUI	1	5	FormatResultNode::doRunAll(...) start
06/23/2025 16:05:54	LOG,INFO,GUI	1	5	FormatResultNode::processExport(...) start
06/23/2025 16:05:54	GUI,INFO,LOG,PROGRESS	1	5	0.000000,0.000000,1.000000,Reading snps from batch folder
06/23/2025 16:05:54	LOG,INFO,GUI	1	8	SnpIndexVector::readSnpIndexFile(std::string strSnpIndexFile, SnpList& snpList) start
06/23/2025 16:05:54	INFO	1	8	Loading snp index file from batch folder. (snplist)
06/23/2025 16:05:54	INFO	1	8	> snp index: C:\Users\Public\Documents\AxiomAnalysisSuite\Output\JD_PFR_Combined_Genotyping\AxiomAnalysisSuiteData\All_genotypes_by_snps.CHP.index.txt
06/23/2025 16:05:54	INFO	1	8	> snp list : C:\Users\curly\Desktop\Apple Genotyping\Methods\Filtering and Preparation\Selected_SNPs.txt
06/23/2025 16:05:54	LOG,INFO,GUI	1	24	SnpIndexVector::readSnpIndexFile(std::string strSnpIndexFile, SnpList& snpList) stop: Runtime: 0.07 seconds.
06/23/2025 16:05:54	GUI,INFO,LOG,PROGRESS	1	24	0.000000,1.000000,1.000000,(5%) 
06/23/2025 16:05:54	GUI,INFO,LOG,PROGRESS	1	24	0.000000,1.000000,1.000000,(5%) Snps loaded
06/23/2025 16:05:54	INFO	1	24	Number of snps: 33991
06/23/2025 16:05:54	INFO	1	24	Number of samples: 508
06/23/2025 16:05:54	LOG,INFO,GUI	1	24	SnpIndexVector::loadAnnotationData(...) start
06/23/2025 16:05:54	INFO	1	24	Loading annotation sqlite for snps.
06/23/2025 16:05:54	INFO	1	24	> sql: select * from Chromosome
06/23/2025 16:05:54	INFO	1	25	> sql: select ProbeSet_ID,Allele_A,Allele_B,Chr_id,Start,dbSNP_RS_ID,Ordered_Alleles,Allele_Count,Ref_Allele,Alt_Allele,Flank,Genetic_Map,ChrX_PAR,Strand from Annotations
06/23/2025 16:05:54	GUI,INFO,LOG,PROGRESS	1	34	0.000000,0.000000,48138.000000,Loading (Annotation Information) SNPs
06/23/2025 16:05:54	GUI,INFO,LOG,PROGRESS	1	37	0.000000,25000.000000,48138.000000,(20%) 25000 Runtime = 0.1 seconds
06/23/2025 16:05:54	GUI,INFO,LOG,PROGRESS	1	39	0.000000,48138.000000,48138.000000,(35%) 48138 snps scanned (33991 loaded)
06/23/2025 16:05:54	LOG,INFO,GUI	1	31	SnpIndexVector::loadAnnotationData(...) stop: Runtime: 0.16 seconds.
06/23/2025 16:05:54	GUI,INFO,LOG,PROGRESS	1	31	0.000000,0.000000,2.000000,Writing output files
06/23/2025 16:05:54	dset	3	31	Dset::File::open('C:\Users\curly\Desktop\Apple Genotyping\Methods\PLINK Duplicate Identification\JD_PFR_Genotyping.map',64,6)
06/23/2025 16:05:54	dset	4	31	Dset::IO_TsvFile::fstream_push(000000475F97E290)
06/23/2025 16:05:54	dset	4	31	Dset::IO_TsvFile::fstream_pop(000000475F97E290)
06/23/2025 16:05:54	PROGRESS,PROGRESS	1	31	0.000000,0.000000,33991.000000,Exporting SNPs
06/23/2025 16:05:54	PROGRESS,PROGRESS	1	36	0.000000,3000.000000,33991.000000,(8%) 3000 Runtime = 0.1 seconds
06/23/2025 16:05:54	PROGRESS,PROGRESS	1	40	0.000000,6000.000000,33991.000000,(17%) 6000 Runtime = 0.3 seconds
06/23/2025 16:05:55	PROGRESS,PROGRESS	1	45	0.000000,9000.000000,33991.000000,(26%) 9000 Runtime = 0.4 seconds
06/23/2025 16:05:55	PROGRESS,PROGRESS	1	48	0.000000,11330.000000,33991.000000,(33%) 
06/23/2025 16:05:55	PROGRESS,PROGRESS	1	48	0.000000,16995.000000,33991.000000,(49%) 
06/23/2025 16:05:55	PROGRESS,PROGRESS	1	49	0.000000,19995.000000,33991.000000,(58%) 6000 Runtime = 0.8 seconds
06/23/2025 16:05:55	PROGRESS,PROGRESS	1	49	0.000000,22995.000000,33991.000000,(67%) 9000 Runtime = 0.8 seconds
06/23/2025 16:05:55	PROGRESS,PROGRESS	1	49	0.000000,25995.000000,33991.000000,(76%) 12000 Runtime = 0.9 seconds
06/23/2025 16:05:55	PROGRESS,PROGRESS	1	49	0.000000,28995.000000,33991.000000,(85%) 15000 Runtime = 1.0 seconds
06/23/2025 16:05:55	PROGRESS,PROGRESS	1	49	0.000000,33991.000000,33991.000000,(100%) 
06/23/2025 16:05:55	PROGRESS,PROGRESS	1	49	0.000000,33991.000000,33991.000000,(100%) 33991 TXT/VCF/tPED (batch folder)
06/23/2025 16:05:55	INFO	1	49	TXT/VCF/tPED export completed. (batch folder) Runtime = 1.0 seconds
06/23/2025 16:05:55	GUI,INFO,LOG,PROGRESS	1	49	0.000000,1.000000,2.000000,(66%) 
06/23/2025 16:05:55	INFO	1	49	Writing file JD_PFR_Genotyping.ped (without pedigree)
06/23/2025 16:05:55	dset	1	49	Cursor(): 0000016FAAD06180
06/23/2025 16:05:55	dset	4	49	Dset::IO_TsvFile::fstream_push(0000016FAAB82DD0)
06/23/2025 16:05:55	dset	4	49	Dset::IO_TsvFile::fstream_pop(0000016FAAB82DD0)
06/23/2025 16:05:55	PROGRESS,PROGRESS	1	49	0.000000,0.000000,508.000000,Exporting PED Sample
06/23/2025 16:05:55	PROGRESS,PROGRESS	1	49	0.000000,1.000000,508.000000,(0%) 0 Runtime = 0.0 seconds
06/23/2025 16:05:55	PROGRESS,PROGRESS	1	49	0.000000,2.000000,508.000000,(0%) 1 Runtime = 0.0 seconds
06/23/2025 16:05:55	PROGRESS,PROGRESS	1	49	0.000000,3.000000,508.000000,(0%) 2 Runtime = 0.0 seconds
06/23/2025 16:05:55	PROGRESS,PROGRESS	1	49	0.000000,4.000000,508.000000,(0%) 3 Runtime = 0.0 seconds
06/23/2025 16:05:55	PROGRESS,PROGRESS	1	50	0.000000,5.000000,508.000000,(0%) 4 Runtime = 0.1 seconds
06/23/2025 16:05:55	PROGRESS,PROGRESS	1	50	0.000000,6.000000,508.000000,(1%) 5 Runtime = 0.1 seconds
06/23/2025 16:05:55	PROGRESS,PROGRESS	1	50	0.000000,7.000000,508.000000,(1%) 6 Runtime = 0.1 seconds
06/23/2025 16:05:55	PROGRESS,PROGRESS	1	50	0.000000,8.000000,508.000000,(1%) 7 Runtime = 0.1 seconds
06/23/2025 16:05:55	PROGRESS,PROGRESS	1	50	0.000000,9.000000,508.000000,(1%) 8 Runtime = 0.1 seconds
06/23/2025 16:05:55	PROGRESS,PROGRESS	1	50	0.000000,10.000000,508.000000,(1%) 9 Runtime = 0.1 seconds
06/23/2025 16:05:55	PROGRESS,PROGRESS	1	50	0.000000,11.000000,508.000000,(2%) 10 Runtime = 0.1 seconds
06/23/2025 16:05:55	PROGRESS,PROGRESS	1	51	0.000000,12.000000,508.000000,(2%) 11 Runtime = 0.1 seconds
06/23/2025 16:05:55	PROGRESS,PROGRESS	1	51	0.000000,13.000000,508.000000,(2%) 12 Runtime = 0.2 seconds
06/23/2025 16:05:55	PROGRESS,PROGRESS	1	51	0.000000,14.000000,508.000000,(2%) 13 Runtime = 0.2 seconds
06/23/2025 16:05:55	PROGRESS,PROGRESS	1	51	0.000000,15.000000,508.000000,(2%) 14 Runtime = 0.2 seconds
06/23/2025 16:05:55	PROGRESS,PROGRESS	1	51	0.000000,16.000000,508.000000,(3%) 15 Runtime = 0.2 seconds
06/23/2025 16:05:55	PROGRESS,PROGRESS	1	51	0.000000,17.000000,508.000000,(3%) 16 Runtime = 0.2 seconds
06/23/2025 16:05:55	PROGRESS,PROGRESS	1	51	0.000000,18.000000,508.000000,(3%) 17 Runtime = 0.2 seconds
06/23/2025 16:05:55	PROGRESS,PROGRESS	1	52	0.000000,19.000000,508.000000,(3%) 18 Runtime = 0.2 seconds
06/23/2025 16:05:55	PROGRESS,PROGRESS	1	52	0.000000,20.000000,508.000000,(3%) 19 Runtime = 0.2 seconds
06/23/2025 16:05:55	PROGRESS,PROGRESS	1	52	0.000000,21.000000,508.000000,(4%) 20 Runtime = 0.2 seconds
06/23/2025 16:05:55	PROGRESS,PROGRESS	1	52	0.000000,22.000000,508.000000,(4%) 21 Runtime = 0.3 seconds
06/23/2025 16:05:55	PROGRESS,PROGRESS	1	52	0.000000,23.000000,508.000000,(4%) 22 Runtime = 0.3 seconds
06/23/2025 16:05:55	PROGRESS,PROGRESS	1	52	0.000000,24.000000,508.000000,(4%) 23 Runtime = 0.3 seconds
06/23/2025 16:05:55	PROGRESS,PROGRESS	1	52	0.000000,25.000000,508.000000,(4%) 24 Runtime = 0.3 seconds
06/23/2025 16:05:55	PROGRESS,PROGRESS	1	52	0.000000,26.000000,508.000000,(5%) 25 Runtime = 0.3 seconds
06/23/2025 16:05:55	PROGRESS,PROGRESS	1	53	0.000000,27.000000,508.000000,(5%) 26 Runtime = 0.3 seconds
06/23/2025 16:05:55	PROGRESS,PROGRESS	1	53	0.000000,28.000000,508.000000,(5%) 27 Runtime = 0.3 seconds
06/23/2025 16:05:55	PROGRESS,PROGRESS	1	53	0.000000,29.000000,508.000000,(5%) 28 Runtime = 0.3 seconds
06/23/2025 16:05:56	PROGRESS,PROGRESS	1	53	0.000000,30.000000,508.000000,(5%) 29 Runtime = 0.3 seconds
06/23/2025 16:05:56	PROGRESS,PROGRESS	1	53	0.000000,31.000000,508.000000,(6%) 30 Runtime = 0.4 seconds
06/23/2025 16:05:56	PROGRESS,PROGRESS	1	53	0.000000,32.000000,508.000000,(6%) 31 Runtime = 0.4 seconds
06/23/2025 16:05:56	PROGRESS,PROGRESS	1	53	0.000000,33.000000,508.000000,(6%) 32 Runtime = 0.4 seconds
06/23/2025 16:05:56	PROGRESS,PROGRESS	1	53	0.000000,34.000000,508.000000,(6%) 33 Runtime = 0.4 seconds
06/23/2025 16:05:56	PROGRESS,PROGRESS	1	54	0.000000,35.000000,508.000000,(6%) 34 Runtime = 0.4 seconds
06/23/2025 16:05:56	PROGRESS,PROGRESS	1	54	0.000000,36.000000,508.000000,(7%) 35 Runtime = 0.4 seconds
06/23/2025 16:05:56	PROGRESS,PROGRESS	1	54	0.000000,37.000000,508.000000,(7%) 36 Runtime = 0.4 seconds
06/23/2025 16:05:56	PROGRESS,PROGRESS	1	54	0.000000,38.000000,508.000000,(7%) 37 Runtime = 0.4 seconds
06/23/2025 16:05:56	PROGRESS,PROGRESS	1	54	0.000000,39.000000,508.000000,(7%) 38 Runtime = 0.4 seconds
06/23/2025 16:05:56	PROGRESS,PROGRESS	1	54	0.000000,40.000000,508.000000,(7%) 39 Runtime = 0.5 seconds
06/23/2025 16:05:56	PROGRESS,PROGRESS	1	54	0.000000,41.000000,508.000000,(8%) 40 Runtime = 0.5 seconds
06/23/2025 16:05:56	PROGRESS,PROGRESS	1	54	0.000000,42.000000,508.000000,(8%) 41 Runtime = 0.5 seconds
06/23/2025 16:05:56	PROGRESS,PROGRESS	1	55	0.000000,43.000000,508.000000,(8%) 42 Runtime = 0.5 seconds
06/23/2025 16:05:56	PROGRESS,PROGRESS	1	55	0.000000,44.000000,508.000000,(8%) 43 Runtime = 0.5 seconds
06/23/2025 16:05:56	PROGRESS,PROGRESS	1	55	0.000000,45.000000,508.000000,(8%) 44 Runtime = 0.5 seconds
06/23/2025 16:05:56	PROGRESS,PROGRESS	1	55	0.000000,46.000000,508.000000,(9%) 45 Runtime = 0.5 seconds
06/23/2025 16:05:56	PROGRESS,PROGRESS	1	55	0.000000,47.000000,508.000000,(9%) 46 Runtime = 0.5 seconds
06/23/2025 16:05:56	PROGRESS,PROGRESS	1	55	0.000000,48.000000,508.000000,(9%) 47 Runtime = 0.5 seconds
06/23/2025 16:05:56	PROGRESS,PROGRESS	1	55	0.000000,49.000000,508.000000,(9%) 48 Runtime = 0.6 seconds
06/23/2025 16:05:56	PROGRESS,PROGRESS	1	56	0.000000,50.000000,508.000000,(9%) 49 Runtime = 0.6 seconds
06/23/2025 16:05:56	PROGRESS,PROGRESS	1	56	0.000000,51.000000,508.000000,(10%) 50 Runtime = 0.6 seconds
06/23/2025 16:05:56	PROGRESS,PROGRESS	1	56	0.000000,52.000000,508.000000,(10%) 51 Runtime = 0.6 seconds
06/23/2025 16:05:56	PROGRESS,PROGRESS	1	56	0.000000,53.000000,508.000000,(10%) 52 Runtime = 0.6 seconds
06/23/2025 16:05:56	PROGRESS,PROGRESS	1	56	0.000000,54.000000,508.000000,(10%) 53 Runtime = 0.6 seconds
06/23/2025 16:05:56	PROGRESS,PROGRESS	1	56	0.000000,55.000000,508.000000,(10%) 54 Runtime = 0.6 seconds
06/23/2025 16:05:56	PROGRESS,PROGRESS	1	56	0.000000,56.000000,508.000000,(11%) 55 Runtime = 0.6 seconds
06/23/2025 16:05:56	PROGRESS,PROGRESS	1	56	0.000000,57.000000,508.000000,(11%) 56 Runtime = 0.7 seconds
06/23/2025 16:05:56	PROGRESS,PROGRESS	1	57	0.000000,58.000000,508.000000,(11%) 57 Runtime = 0.7 seconds
06/23/2025 16:05:56	PROGRESS,PROGRESS	1	57	0.000000,59.000000,508.000000,(11%) 58 Runtime = 0.7 seconds
06/23/2025 16:05:56	PROGRESS,PROGRESS	1	57	0.000000,60.000000,508.000000,(11%) 59 Runtime = 0.7 seconds
06/23/2025 16:05:56	PROGRESS,PROGRESS	1	57	0.000000,61.000000,508.000000,(12%) 60 Runtime = 0.7 seconds
06/23/2025 16:05:56	PROGRESS,PROGRESS	1	57	0.000000,62.000000,508.000000,(12%) 61 Runtime = 0.7 seconds
06/23/2025 16:05:56	PROGRESS,PROGRESS	1	57	0.000000,63.000000,508.000000,(12%) 62 Runtime = 0.7 seconds
06/23/2025 16:05:56	PROGRESS,PROGRESS	1	57	0.000000,64.000000,508.000000,(12%) 63 Runtime = 0.7 seconds
06/23/2025 16:05:56	PROGRESS,PROGRESS	1	57	0.000000,65.000000,508.000000,(12%) 64 Runtime = 0.7 seconds
06/23/2025 16:05:56	PROGRESS,PROGRESS	1	58	0.000000,66.000000,508.000000,(12%) 65 Runtime = 0.8 seconds
06/23/2025 16:05:56	PROGRESS,PROGRESS	1	58	0.000000,67.000000,508.000000,(13%) 66 Runtime = 0.8 seconds
06/23/2025 16:05:56	PROGRESS,PROGRESS	1	58	0.000000,68.000000,508.000000,(13%) 67 Runtime = 0.8 seconds
06/23/2025 16:05:56	PROGRESS,PROGRESS	1	58	0.000000,69.000000,508.000000,(13%) 68 Runtime = 0.8 seconds
06/23/2025 16:05:56	PROGRESS,PROGRESS	1	58	0.000000,70.000000,508.000000,(13%) 69 Runtime = 0.8 seconds
06/23/2025 16:05:56	PROGRESS,PROGRESS	1	58	0.000000,71.000000,508.000000,(13%) 70 Runtime = 0.8 seconds
06/23/2025 16:05:56	PROGRESS,PROGRESS	1	58	0.000000,72.000000,508.000000,(14%) 71 Runtime = 0.8 seconds
06/23/2025 16:05:56	PROGRESS,PROGRESS	1	59	0.000000,73.000000,508.000000,(14%) 72 Runtime = 0.8 seconds
06/23/2025 16:05:56	PROGRESS,PROGRESS	1	59	0.000000,74.000000,508.000000,(14%) 73 Runtime = 0.8 seconds
06/23/2025 16:05:56	PROGRESS,PROGRESS	1	59	0.000000,75.000000,508.000000,(14%) 74 Runtime = 0.9 seconds
06/23/2025 16:05:56	PROGRESS,PROGRESS	1	59	0.000000,76.000000,508.000000,(14%) 75 Runtime = 0.9 seconds
06/23/2025 16:05:56	PROGRESS,PROGRESS	1	59	0.000000,77.000000,508.000000,(15%) 76 Runtime = 0.9 seconds
06/23/2025 16:05:56	PROGRESS,PROGRESS	1	59	0.000000,78.000000,508.000000,(15%) 77 Runtime = 0.9 seconds
06/23/2025 16:05:56	PROGRESS,PROGRESS	1	59	0.000000,79.000000,508.000000,(15%) 78 Runtime = 0.9 seconds
06/23/2025 16:05:56	PROGRESS,PROGRESS	1	59	0.000000,80.000000,508.000000,(15%) 79 Runtime = 0.9 seconds
06/23/2025 16:05:56	PROGRESS,PROGRESS	1	60	0.000000,81.000000,508.000000,(15%) 80 Runtime = 0.9 seconds
06/23/2025 16:05:56	PROGRESS,PROGRESS	1	60	0.000000,82.000000,508.000000,(16%) 81 Runtime = 0.9 seconds
06/23/2025 16:05:56	PROGRESS,PROGRESS	1	60	0.000000,83.000000,508.000000,(16%) 82 Runtime = 1.0 seconds
06/23/2025 16:05:56	PROGRESS,PROGRESS	1	60	0.000000,84.000000,508.000000,(16%) 83 Runtime = 1.0 seconds
06/23/2025 16:05:56	PROGRESS,PROGRESS	1	60	0.000000,85.000000,508.000000,(16%) 84 Runtime = 1.0 seconds
06/23/2025 16:05:56	PROGRESS,PROGRESS	1	60	0.000000,86.000000,508.000000,(16%) 85 Runtime = 1.0 seconds
06/23/2025 16:05:56	PROGRESS,PROGRESS	1	60	0.000000,87.000000,508.000000,(17%) 86 Runtime = 1.0 seconds
06/23/2025 16:05:56	PROGRESS,PROGRESS	1	60	0.000000,88.000000,508.000000,(17%) 87 Runtime = 1.0 seconds
06/23/2025 16:05:56	PROGRESS,PROGRESS	1	61	0.000000,89.000000,508.000000,(17%) 88 Runtime = 1.0 seconds
06/23/2025 16:05:56	PROGRESS,PROGRESS	1	61	0.000000,90.000000,508.000000,(17%) 89 Runtime = 1.0 seconds
06/23/2025 16:05:56	PROGRESS,PROGRESS	1	61	0.000000,91.000000,508.000000,(17%) 90 Runtime = 1.1 seconds
06/23/2025 16:05:56	PROGRESS,PROGRESS	1	61	0.000000,92.000000,508.000000,(18%) 91 Runtime = 1.1 seconds
06/23/2025 16:05:56	PROGRESS,PROGRESS	1	61	0.000000,93.000000,508.000000,(18%) 92 Runtime = 1.1 seconds
06/23/2025 16:05:56	PROGRESS,PROGRESS	1	61	0.000000,94.000000,508.000000,(18%) 93 Runtime = 1.1 seconds
06/23/2025 16:05:56	PROGRESS,PROGRESS	1	61	0.000000,95.000000,508.000000,(18%) 94 Runtime = 1.1 seconds
06/23/2025 16:05:56	PROGRESS,PROGRESS	1	62	0.000000,96.000000,508.000000,(18%) 95 Runtime = 1.1 seconds
06/23/2025 16:05:56	PROGRESS,PROGRESS	1	62	0.000000,97.000000,508.000000,(19%) 96 Runtime = 1.1 seconds
06/23/2025 16:05:56	PROGRESS,PROGRESS	1	62	0.000000,98.000000,508.000000,(19%) 97 Runtime = 1.1 seconds
06/23/2025 16:05:56	PROGRESS,PROGRESS	1	62	0.000000,99.000000,508.000000,(19%) 98 Runtime = 1.1 seconds
06/23/2025 16:05:56	PROGRESS,PROGRESS	1	62	0.000000,100.000000,508.000000,(19%) 99 Runtime = 1.2 seconds
06/23/2025 16:05:56	PROGRESS,PROGRESS	1	62	0.000000,101.000000,508.000000,(19%) 100 Runtime = 1.2 seconds
06/23/2025 16:05:56	PROGRESS,PROGRESS	1	62	0.000000,102.000000,508.000000,(20%) 101 Runtime = 1.2 seconds
06/23/2025 16:05:56	PROGRESS,PROGRESS	1	62	0.000000,103.000000,508.000000,(20%) 102 Runtime = 1.2 seconds
06/23/2025 16:05:56	PROGRESS,PROGRESS	1	63	0.000000,104.000000,508.000000,(20%) 103 Runtime = 1.2 seconds
06/23/2025 16:05:56	PROGRESS,PROGRESS	1	63	0.000000,105.000000,508.000000,(20%) 104 Runtime = 1.2 seconds
06/23/2025 16:05:56	PROGRESS,PROGRESS	1	63	0.000000,106.000000,508.000000,(20%) 105 Runtime = 1.2 seconds
06/23/2025 16:05:56	PROGRESS,PROGRESS	1	63	0.000000,107.000000,508.000000,(21%) 106 Runtime = 1.2 seconds
06/23/2025 16:05:56	PROGRESS,PROGRESS	1	63	0.000000,108.000000,508.000000,(21%) 107 Runtime = 1.2 seconds
06/23/2025 16:05:56	PROGRESS,PROGRESS	1	63	0.000000,109.000000,508.000000,(21%) 108 Runtime = 1.3 seconds
06/23/2025 16:05:56	PROGRESS,PROGRESS	1	63	0.000000,110.000000,508.000000,(21%) 109 Runtime = 1.3 seconds
06/23/2025 16:05:56	PROGRESS,PROGRESS	1	63	0.000000,111.000000,508.000000,(21%) 110 Runtime = 1.3 seconds
06/23/2025 16:05:56	PROGRESS,PROGRESS	1	64	0.000000,112.000000,508.000000,(22%) 111 Runtime = 1.3 seconds
06/23/2025 16:05:56	PROGRESS,PROGRESS	1	64	0.000000,113.000000,508.000000,(22%) 112 Runtime = 1.3 seconds
06/23/2025 16:05:56	PROGRESS,PROGRESS	1	64	0.000000,114.000000,508.000000,(22%) 113 Runtime = 1.3 seconds
06/23/2025 16:05:56	PROGRESS,PROGRESS	1	64	0.000000,115.000000,508.000000,(22%) 114 Runtime = 1.3 seconds
06/23/2025 16:05:57	PROGRESS,PROGRESS	1	64	0.000000,116.000000,508.000000,(22%) 115 Runtime = 1.3 seconds
06/23/2025 16:05:57	PROGRESS,PROGRESS	1	64	0.000000,117.000000,508.000000,(23%) 116 Runtime = 1.4 seconds
06/23/2025 16:05:57	PROGRESS,PROGRESS	1	64	0.000000,118.000000,508.000000,(23%) 117 Runtime = 1.4 seconds
06/23/2025 16:05:57	PROGRESS,PROGRESS	1	65	0.000000,119.000000,508.000000,(23%) 118 Runtime = 1.4 seconds
06/23/2025 16:05:57	PROGRESS,PROGRESS	1	65	0.000000,120.000000,508.000000,(23%) 119 Runtime = 1.4 seconds
06/23/2025 16:05:57	PROGRESS,PROGRESS	1	65	0.000000,121.000000,508.000000,(23%) 120 Runtime = 1.4 seconds
06/23/2025 16:05:57	PROGRESS,PROGRESS	1	65	0.000000,122.000000,508.000000,(24%) 121 Runtime = 1.4 seconds
06/23/2025 16:05:57	PROGRESS,PROGRESS	1	65	0.000000,123.000000,508.000000,(24%) 122 Runtime = 1.4 seconds
06/23/2025 16:05:57	PROGRESS,PROGRESS	1	65	0.000000,124.000000,508.000000,(24%) 123 Runtime = 1.4 seconds
06/23/2025 16:05:57	PROGRESS,PROGRESS	1	65	0.000000,125.000000,508.000000,(24%) 124 Runtime = 1.4 seconds
06/23/2025 16:05:57	PROGRESS,PROGRESS	1	65	0.000000,126.000000,508.000000,(24%) 125 Runtime = 1.5 seconds
06/23/2025 16:05:57	PROGRESS,PROGRESS	1	66	0.000000,127.000000,508.000000,(25%) 126 Runtime = 1.5 seconds
06/23/2025 16:05:57	PROGRESS,PROGRESS	1	66	0.000000,128.000000,508.000000,(25%) 127 Runtime = 1.5 seconds
06/23/2025 16:05:57	PROGRESS,PROGRESS	1	66	0.000000,129.000000,508.000000,(25%) 128 Runtime = 1.5 seconds
06/23/2025 16:05:57	PROGRESS,PROGRESS	1	66	0.000000,130.000000,508.000000,(25%) 129 Runtime = 1.5 seconds
06/23/2025 16:05:57	PROGRESS,PROGRESS	1	66	0.000000,131.000000,508.000000,(25%) 130 Runtime = 1.5 seconds
06/23/2025 16:05:57	PROGRESS,PROGRESS	1	66	0.000000,132.000000,508.000000,(25%) 131 Runtime = 1.5 seconds
06/23/2025 16:05:57	PROGRESS,PROGRESS	1	66	0.000000,133.000000,508.000000,(26%) 132 Runtime = 1.5 seconds
06/23/2025 16:05:57	PROGRESS,PROGRESS	1	66	0.000000,134.000000,508.000000,(26%) 133 Runtime = 1.6 seconds
06/23/2025 16:05:57	PROGRESS,PROGRESS	1	67	0.000000,135.000000,508.000000,(26%) 134 Runtime = 1.6 seconds
06/23/2025 16:05:57	PROGRESS,PROGRESS	1	67	0.000000,136.000000,508.000000,(26%) 135 Runtime = 1.6 seconds
06/23/2025 16:05:57	PROGRESS,PROGRESS	1	67	0.000000,137.000000,508.000000,(26%) 136 Runtime = 1.6 seconds
06/23/2025 16:05:57	PROGRESS,PROGRESS	1	67	0.000000,138.000000,508.000000,(27%) 137 Runtime = 1.6 seconds
06/23/2025 16:05:57	PROGRESS,PROGRESS	1	67	0.000000,139.000000,508.000000,(27%) 138 Runtime = 1.6 seconds
06/23/2025 16:05:57	PROGRESS,PROGRESS	1	67	0.000000,140.000000,508.000000,(27%) 139 Runtime = 1.6 seconds
06/23/2025 16:05:57	PROGRESS,PROGRESS	1	67	0.000000,141.000000,508.000000,(27%) 140 Runtime = 1.6 seconds
06/23/2025 16:05:57	PROGRESS,PROGRESS	1	68	0.000000,142.000000,508.000000,(27%) 141 Runtime = 1.6 seconds
06/23/2025 16:05:57	PROGRESS,PROGRESS	1	68	0.000000,143.000000,508.000000,(28%) 142 Runtime = 1.7 seconds
06/23/2025 16:05:57	PROGRESS,PROGRESS	1	68	0.000000,144.000000,508.000000,(28%) 143 Runtime = 1.7 seconds
06/23/2025 16:05:57	PROGRESS,PROGRESS	1	68	0.000000,145.000000,508.000000,(28%) 144 Runtime = 1.7 seconds
06/23/2025 16:05:57	PROGRESS,PROGRESS	1	68	0.000000,146.000000,508.000000,(28%) 145 Runtime = 1.7 seconds
06/23/2025 16:05:57	PROGRESS,PROGRESS	1	68	0.000000,147.000000,508.000000,(28%) 146 Runtime = 1.7 seconds
06/23/2025 16:05:57	PROGRESS,PROGRESS	1	68	0.000000,148.000000,508.000000,(29%) 147 Runtime = 1.7 seconds
06/23/2025 16:05:57	PROGRESS,PROGRESS	1	68	0.000000,149.000000,508.000000,(29%) 148 Runtime = 1.7 seconds
06/23/2025 16:05:57	PROGRESS,PROGRESS	1	69	0.000000,150.000000,508.000000,(29%) 149 Runtime = 1.7 seconds
06/23/2025 16:05:57	PROGRESS,PROGRESS	1	69	0.000000,151.000000,508.000000,(29%) 150 Runtime = 1.7 seconds
06/23/2025 16:05:57	PROGRESS,PROGRESS	1	69	0.000000,152.000000,508.000000,(29%) 151 Runtime = 1.8 seconds
06/23/2025 16:05:57	PROGRESS,PROGRESS	1	69	0.000000,153.000000,508.000000,(30%) 152 Runtime = 1.8 seconds
06/23/2025 16:05:57	PROGRESS,PROGRESS	1	69	0.000000,154.000000,508.000000,(30%) 153 Runtime = 1.8 seconds
06/23/2025 16:05:57	PROGRESS,PROGRESS	1	69	0.000000,155.000000,508.000000,(30%) 154 Runtime = 1.8 seconds
06/23/2025 16:05:57	PROGRESS,PROGRESS	1	69	0.000000,156.000000,508.000000,(30%) 155 Runtime = 1.8 seconds
06/23/2025 16:05:57	PROGRESS,PROGRESS	1	69	0.000000,157.000000,508.000000,(30%) 156 Runtime = 1.8 seconds
06/23/2025 16:05:57	PROGRESS,PROGRESS	1	70	0.000000,158.000000,508.000000,(31%) 157 Runtime = 1.8 seconds
06/23/2025 16:05:57	PROGRESS,PROGRESS	1	70	0.000000,159.000000,508.000000,(31%) 158 Runtime = 1.8 seconds
06/23/2025 16:05:57	PROGRESS,PROGRESS	1	70	0.000000,160.000000,508.000000,(31%) 159 Runtime = 1.9 seconds
06/23/2025 16:05:57	PROGRESS,PROGRESS	1	70	0.000000,161.000000,508.000000,(31%) 160 Runtime = 1.9 seconds
06/23/2025 16:05:57	PROGRESS,PROGRESS	1	70	0.000000,162.000000,508.000000,(31%) 161 Runtime = 1.9 seconds
06/23/2025 16:05:57	PROGRESS,PROGRESS	1	70	0.000000,163.000000,508.000000,(32%) 162 Runtime = 1.9 seconds
06/23/2025 16:05:57	PROGRESS,PROGRESS	1	70	0.000000,164.000000,508.000000,(32%) 163 Runtime = 1.9 seconds
06/23/2025 16:05:57	PROGRESS,PROGRESS	1	71	0.000000,165.000000,508.000000,(32%) 164 Runtime = 1.9 seconds
06/23/2025 16:05:57	PROGRESS,PROGRESS	1	71	0.000000,166.000000,508.000000,(32%) 165 Runtime = 1.9 seconds
06/23/2025 16:05:57	PROGRESS,PROGRESS	1	71	0.000000,167.000000,508.000000,(32%) 166 Runtime = 1.9 seconds
06/23/2025 16:05:57	PROGRESS,PROGRESS	1	71	0.000000,168.000000,508.000000,(33%) 167 Runtime = 1.9 seconds
06/23/2025 16:05:57	PROGRESS,PROGRESS	1	71	0.000000,169.000000,508.000000,(33%) 168 Runtime = 2.0 seconds
06/23/2025 16:05:57	PROGRESS,PROGRESS	1	71	0.000000,170.000000,508.000000,(33%) 169 Runtime = 2.0 seconds
06/23/2025 16:05:57	PROGRESS,PROGRESS	1	71	0.000000,171.000000,508.000000,(33%) 170 Runtime = 2.0 seconds
06/23/2025 16:05:57	PROGRESS,PROGRESS	1	71	0.000000,172.000000,508.000000,(33%) 171 Runtime = 2.0 seconds
06/23/2025 16:05:57	PROGRESS,PROGRESS	1	72	0.000000,173.000000,508.000000,(34%) 172 Runtime = 2.0 seconds
06/23/2025 16:05:57	PROGRESS,PROGRESS	1	72	0.000000,174.000000,508.000000,(34%) 173 Runtime = 2.0 seconds
06/23/2025 16:05:57	PROGRESS,PROGRESS	1	72	0.000000,175.000000,508.000000,(34%) 174 Runtime = 2.0 seconds
06/23/2025 16:05:57	PROGRESS,PROGRESS	1	72	0.000000,176.000000,508.000000,(34%) 175 Runtime = 2.0 seconds
06/23/2025 16:05:57	PROGRESS,PROGRESS	1	72	0.000000,177.000000,508.000000,(34%) 176 Runtime = 2.0 seconds
06/23/2025 16:05:57	PROGRESS,PROGRESS	1	72	0.000000,178.000000,508.000000,(35%) 177 Runtime = 2.1 seconds
06/23/2025 16:05:57	PROGRESS,PROGRESS	1	72	0.000000,179.000000,508.000000,(35%) 178 Runtime = 2.1 seconds
06/23/2025 16:05:57	PROGRESS,PROGRESS	1	72	0.000000,180.000000,508.000000,(35%) 179 Runtime = 2.1 seconds
06/23/2025 16:05:57	PROGRESS,PROGRESS	1	73	0.000000,181.000000,508.000000,(35%) 180 Runtime = 2.1 seconds
06/23/2025 16:05:57	PROGRESS,PROGRESS	1	73	0.000000,182.000000,508.000000,(35%) 181 Runtime = 2.1 seconds
06/23/2025 16:05:57	PROGRESS,PROGRESS	1	73	0.000000,183.000000,508.000000,(36%) 182 Runtime = 2.1 seconds
06/23/2025 16:05:57	PROGRESS,PROGRESS	1	73	0.000000,184.000000,508.000000,(36%) 183 Runtime = 2.1 seconds
06/23/2025 16:05:57	PROGRESS,PROGRESS	1	73	0.000000,185.000000,508.000000,(36%) 184 Runtime = 2.1 seconds
06/23/2025 16:05:57	PROGRESS,PROGRESS	1	73	0.000000,186.000000,508.000000,(36%) 185 Runtime = 2.2 seconds
06/23/2025 16:05:57	PROGRESS,PROGRESS	1	73	0.000000,187.000000,508.000000,(36%) 186 Runtime = 2.2 seconds
06/23/2025 16:05:57	PROGRESS,PROGRESS	1	74	0.000000,188.000000,508.000000,(37%) 187 Runtime = 2.2 seconds
06/23/2025 16:05:57	PROGRESS,PROGRESS	1	74	0.000000,189.000000,508.000000,(37%) 188 Runtime = 2.2 seconds
06/23/2025 16:05:57	PROGRESS,PROGRESS	1	74	0.000000,190.000000,508.000000,(37%) 189 Runtime = 2.2 seconds
06/23/2025 16:05:57	PROGRESS,PROGRESS	1	74	0.000000,191.000000,508.000000,(37%) 190 Runtime = 2.2 seconds
06/23/2025 16:05:57	PROGRESS,PROGRESS	1	74	0.000000,192.000000,508.000000,(37%) 191 Runtime = 2.2 seconds
06/23/2025 16:05:57	PROGRESS,PROGRESS	1	74	0.000000,193.000000,508.000000,(37%) 192 Runtime = 2.2 seconds
06/23/2025 16:05:57	PROGRESS,PROGRESS	1	74	0.000000,194.000000,508.000000,(38%) 193 Runtime = 2.2 seconds
06/23/2025 16:05:57	PROGRESS,PROGRESS	1	74	0.000000,195.000000,508.000000,(38%) 194 Runtime = 2.3 seconds
06/23/2025 16:05:57	PROGRESS,PROGRESS	1	75	0.000000,196.000000,508.000000,(38%) 195 Runtime = 2.3 seconds
06/23/2025 16:05:57	PROGRESS,PROGRESS	1	75	0.000000,197.000000,508.000000,(38%) 196 Runtime = 2.3 seconds
06/23/2025 16:05:57	PROGRESS,PROGRESS	1	75	0.000000,198.000000,508.000000,(38%) 197 Runtime = 2.3 seconds
06/23/2025 16:05:57	PROGRESS,PROGRESS	1	75	0.000000,199.000000,508.000000,(39%) 198 Runtime = 2.3 seconds
06/23/2025 16:05:57	PROGRESS,PROGRESS	1	75	0.000000,200.000000,508.000000,(39%) 199 Runtime = 2.3 seconds
06/23/2025 16:05:57	PROGRESS,PROGRESS	1	75	0.000000,201.000000,508.000000,(39%) 200 Runtime = 2.3 seconds
06/23/2025 16:05:58	PROGRESS,PROGRESS	1	75	0.000000,202.000000,508.000000,(39%) 201 Runtime = 2.3 seconds
06/23/2025 16:05:58	PROGRESS,PROGRESS	1	75	0.000000,203.000000,508.000000,(39%) 202 Runtime = 2.3 seconds
06/23/2025 16:05:58	PROGRESS,PROGRESS	1	76	0.000000,204.000000,508.000000,(40%) 203 Runtime = 2.4 seconds
06/23/2025 16:05:58	PROGRESS,PROGRESS	1	76	0.000000,205.000000,508.000000,(40%) 204 Runtime = 2.4 seconds
06/23/2025 16:05:58	PROGRESS,PROGRESS	1	76	0.000000,206.000000,508.000000,(40%) 205 Runtime = 2.4 seconds
06/23/2025 16:05:58	PROGRESS,PROGRESS	1	76	0.000000,207.000000,508.000000,(40%) 206 Runtime = 2.4 seconds
06/23/2025 16:05:58	PROGRESS,PROGRESS	1	76	0.000000,208.000000,508.000000,(40%) 207 Runtime = 2.4 seconds
06/23/2025 16:05:58	PROGRESS,PROGRESS	1	76	0.000000,209.000000,508.000000,(41%) 208 Runtime = 2.4 seconds
06/23/2025 16:05:58	PROGRESS,PROGRESS	1	76	0.000000,210.000000,508.000000,(41%) 209 Runtime = 2.4 seconds
06/23/2025 16:05:58	PROGRESS,PROGRESS	1	77	0.000000,211.000000,508.000000,(41%) 210 Runtime = 2.4 seconds
06/23/2025 16:05:58	PROGRESS,PROGRESS	1	77	0.000000,212.000000,508.000000,(41%) 211 Runtime = 2.5 seconds
06/23/2025 16:05:58	PROGRESS,PROGRESS	1	77	0.000000,213.000000,508.000000,(41%) 212 Runtime = 2.5 seconds
06/23/2025 16:05:58	PROGRESS,PROGRESS	1	77	0.000000,214.000000,508.000000,(42%) 213 Runtime = 2.5 seconds
06/23/2025 16:05:58	PROGRESS,PROGRESS	1	77	0.000000,215.000000,508.000000,(42%) 214 Runtime = 2.5 seconds
06/23/2025 16:05:58	PROGRESS,PROGRESS	1	77	0.000000,216.000000,508.000000,(42%) 215 Runtime = 2.5 seconds
06/23/2025 16:05:58	PROGRESS,PROGRESS	1	77	0.000000,217.000000,508.000000,(42%) 216 Runtime = 2.5 seconds
06/23/2025 16:05:58	PROGRESS,PROGRESS	1	77	0.000000,218.000000,508.000000,(42%) 217 Runtime = 2.5 seconds
06/23/2025 16:05:58	PROGRESS,PROGRESS	1	78	0.000000,219.000000,508.000000,(43%) 218 Runtime = 2.5 seconds
06/23/2025 16:05:58	PROGRESS,PROGRESS	1	78	0.000000,220.000000,508.000000,(43%) 219 Runtime = 2.5 seconds
06/23/2025 16:05:58	PROGRESS,PROGRESS	1	78	0.000000,221.000000,508.000000,(43%) 220 Runtime = 2.5 seconds
06/23/2025 16:05:58	PROGRESS,PROGRESS	1	78	0.000000,222.000000,508.000000,(43%) 221 Runtime = 2.6 seconds
06/23/2025 16:05:58	PROGRESS,PROGRESS	1	78	0.000000,223.000000,508.000000,(43%) 222 Runtime = 2.6 seconds
06/23/2025 16:05:58	PROGRESS,PROGRESS	1	78	0.000000,224.000000,508.000000,(44%) 223 Runtime = 2.6 seconds
06/23/2025 16:05:58	PROGRESS,PROGRESS	1	78	0.000000,225.000000,508.000000,(44%) 224 Runtime = 2.6 seconds
06/23/2025 16:05:58	PROGRESS,PROGRESS	1	78	0.000000,226.000000,508.000000,(44%) 225 Runtime = 2.6 seconds
06/23/2025 16:05:58	PROGRESS,PROGRESS	1	79	0.000000,227.000000,508.000000,(44%) 226 Runtime = 2.6 seconds
06/23/2025 16:05:58	PROGRESS,PROGRESS	1	79	0.000000,228.000000,508.000000,(44%) 227 Runtime = 2.6 seconds
06/23/2025 16:05:58	PROGRESS,PROGRESS	1	79	0.000000,229.000000,508.000000,(45%) 228 Runtime = 2.6 seconds
06/23/2025 16:05:58	PROGRESS,PROGRESS	1	79	0.000000,230.000000,508.000000,(45%) 229 Runtime = 2.6 seconds
06/23/2025 16:05:58	PROGRESS,PROGRESS	1	79	0.000000,231.000000,508.000000,(45%) 230 Runtime = 2.7 seconds
06/23/2025 16:05:58	PROGRESS,PROGRESS	1	79	0.000000,232.000000,508.000000,(45%) 231 Runtime = 2.7 seconds
06/23/2025 16:05:58	PROGRESS,PROGRESS	1	79	0.000000,233.000000,508.000000,(45%) 232 Runtime = 2.7 seconds
06/23/2025 16:05:58	PROGRESS,PROGRESS	1	80	0.000000,234.000000,508.000000,(46%) 233 Runtime = 2.7 seconds
06/23/2025 16:05:58	PROGRESS,PROGRESS	1	80	0.000000,235.000000,508.000000,(46%) 234 Runtime = 2.7 seconds
06/23/2025 16:05:58	PROGRESS,PROGRESS	1	80	0.000000,236.000000,508.000000,(46%) 235 Runtime = 2.7 seconds
06/23/2025 16:05:58	PROGRESS,PROGRESS	1	80	0.000000,237.000000,508.000000,(46%) 236 Runtime = 2.7 seconds
06/23/2025 16:05:58	PROGRESS,PROGRESS	1	80	0.000000,238.000000,508.000000,(46%) 237 Runtime = 2.7 seconds
06/23/2025 16:05:58	PROGRESS,PROGRESS	1	80	0.000000,239.000000,508.000000,(47%) 238 Runtime = 2.7 seconds
06/23/2025 16:05:58	PROGRESS,PROGRESS	1	80	0.000000,240.000000,508.000000,(47%) 239 Runtime = 2.7 seconds
06/23/2025 16:05:58	PROGRESS,PROGRESS	1	80	0.000000,241.000000,508.000000,(47%) 240 Runtime = 2.8 seconds
06/23/2025 16:05:58	PROGRESS,PROGRESS	1	81	0.000000,242.000000,508.000000,(47%) 241 Runtime = 2.8 seconds
06/23/2025 16:05:58	PROGRESS,PROGRESS	1	81	0.000000,243.000000,508.000000,(47%) 242 Runtime = 2.8 seconds
06/23/2025 16:05:58	PROGRESS,PROGRESS	1	81	0.000000,244.000000,508.000000,(48%) 243 Runtime = 2.8 seconds
06/23/2025 16:05:58	PROGRESS,PROGRESS	1	81	0.000000,245.000000,508.000000,(48%) 244 Runtime = 2.8 seconds
06/23/2025 16:05:58	PROGRESS,PROGRESS	1	81	0.000000,246.000000,508.000000,(48%) 245 Runtime = 2.8 seconds
06/23/2025 16:05:58	PROGRESS,PROGRESS	1	81	0.000000,247.000000,508.000000,(48%) 246 Runtime = 2.8 seconds
06/23/2025 16:05:58	PROGRESS,PROGRESS	1	81	0.000000,248.000000,508.000000,(48%) 247 Runtime = 2.8 seconds
06/23/2025 16:05:58	PROGRESS,PROGRESS	1	81	0.000000,249.000000,508.000000,(49%) 248 Runtime = 2.8 seconds
06/23/2025 16:05:58	PROGRESS,PROGRESS	1	82	0.000000,250.000000,508.000000,(49%) 249 Runtime = 2.9 seconds
06/23/2025 16:05:58	PROGRESS,PROGRESS	1	82	0.000000,251.000000,508.000000,(49%) 250 Runtime = 2.9 seconds
06/23/2025 16:05:58	PROGRESS,PROGRESS	1	82	0.000000,252.000000,508.000000,(49%) 251 Runtime = 2.9 seconds
06/23/2025 16:05:58	PROGRESS,PROGRESS	1	82	0.000000,253.000000,508.000000,(49%) 252 Runtime = 2.9 seconds
06/23/2025 16:05:58	PROGRESS,PROGRESS	1	82	0.000000,254.000000,508.000000,(50%) 253 Runtime = 2.9 seconds
06/23/2025 16:05:58	PROGRESS,PROGRESS	1	82	0.000000,255.000000,508.000000,(50%) 254 Runtime = 2.9 seconds
06/23/2025 16:05:58	PROGRESS,PROGRESS	1	82	0.000000,256.000000,508.000000,(50%) 255 Runtime = 2.9 seconds
06/23/2025 16:05:58	PROGRESS,PROGRESS	1	82	0.000000,257.000000,508.000000,(50%) 256 Runtime = 2.9 seconds
06/23/2025 16:05:58	PROGRESS,PROGRESS	1	83	0.000000,258.000000,508.000000,(50%) 257 Runtime = 2.9 seconds
06/23/2025 16:05:58	PROGRESS,PROGRESS	1	83	0.000000,259.000000,508.000000,(50%) 258 Runtime = 3.0 seconds
06/23/2025 16:05:58	PROGRESS,PROGRESS	1	83	0.000000,260.000000,508.000000,(51%) 259 Runtime = 3.0 seconds
06/23/2025 16:05:58	PROGRESS,PROGRESS	1	83	0.000000,261.000000,508.000000,(51%) 260 Runtime = 3.0 seconds
06/23/2025 16:05:58	PROGRESS,PROGRESS	1	83	0.000000,262.000000,508.000000,(51%) 261 Runtime = 3.0 seconds
06/23/2025 16:05:58	PROGRESS,PROGRESS	1	83	0.000000,263.000000,508.000000,(51%) 262 Runtime = 3.0 seconds
06/23/2025 16:05:58	PROGRESS,PROGRESS	1	83	0.000000,264.000000,508.000000,(51%) 263 Runtime = 3.0 seconds
06/23/2025 16:05:58	PROGRESS,PROGRESS	1	84	0.000000,265.000000,508.000000,(52%) 264 Runtime = 3.0 seconds
06/23/2025 16:05:58	PROGRESS,PROGRESS	1	84	0.000000,266.000000,508.000000,(52%) 265 Runtime = 3.0 seconds
06/23/2025 16:05:58	PROGRESS,PROGRESS	1	84	0.000000,267.000000,508.000000,(52%) 266 Runtime = 3.0 seconds
06/23/2025 16:05:58	PROGRESS,PROGRESS	1	84	0.000000,268.000000,508.000000,(52%) 267 Runtime = 3.0 seconds
06/23/2025 16:05:58	PROGRESS,PROGRESS	1	84	0.000000,269.000000,508.000000,(52%) 268 Runtime = 3.1 seconds
06/23/2025 16:05:58	PROGRESS,PROGRESS	1	84	0.000000,270.000000,508.000000,(53%) 269 Runtime = 3.1 seconds
06/23/2025 16:05:58	PROGRESS,PROGRESS	1	84	0.000000,271.000000,508.000000,(53%) 270 Runtime = 3.1 seconds
06/23/2025 16:05:58	PROGRESS,PROGRESS	1	85	0.000000,272.000000,508.000000,(53%) 271 Runtime = 3.1 seconds
06/23/2025 16:05:58	PROGRESS,PROGRESS	1	85	0.000000,273.000000,508.000000,(53%) 272 Runtime = 3.1 seconds
06/23/2025 16:05:58	PROGRESS,PROGRESS	1	85	0.000000,274.000000,508.000000,(53%) 273 Runtime = 3.1 seconds
06/23/2025 16:05:58	PROGRESS,PROGRESS	1	85	0.000000,275.000000,508.000000,(54%) 274 Runtime = 3.1 seconds
06/23/2025 16:05:58	PROGRESS,PROGRESS	1	85	0.000000,276.000000,508.000000,(54%) 275 Runtime = 3.1 seconds
06/23/2025 16:05:58	PROGRESS,PROGRESS	1	85	0.000000,277.000000,508.000000,(54%) 276 Runtime = 3.1 seconds
06/23/2025 16:05:58	PROGRESS,PROGRESS	1	85	0.000000,278.000000,508.000000,(54%) 277 Runtime = 3.2 seconds
06/23/2025 16:05:58	PROGRESS,PROGRESS	1	85	0.000000,279.000000,508.000000,(54%) 278 Runtime = 3.2 seconds
06/23/2025 16:05:58	PROGRESS,PROGRESS	1	86	0.000000,280.000000,508.000000,(55%) 279 Runtime = 3.2 seconds
06/23/2025 16:05:58	PROGRESS,PROGRESS	1	86	0.000000,281.000000,508.000000,(55%) 280 Runtime = 3.2 seconds
06/23/2025 16:05:58	PROGRESS,PROGRESS	1	86	0.000000,282.000000,508.000000,(55%) 281 Runtime = 3.2 seconds
06/23/2025 16:05:58	PROGRESS,PROGRESS	1	86	0.000000,283.000000,508.000000,(55%) 282 Runtime = 3.2 seconds
06/23/2025 16:05:58	PROGRESS,PROGRESS	1	86	0.000000,284.000000,508.000000,(55%) 283 Runtime = 3.2 seconds
06/23/2025 16:05:58	PROGRESS,PROGRESS	1	86	0.000000,285.000000,508.000000,(56%) 284 Runtime = 3.2 seconds
06/23/2025 16:05:58	PROGRESS,PROGRESS	1	86	0.000000,286.000000,508.000000,(56%) 285 Runtime = 3.2 seconds
06/23/2025 16:05:58	PROGRESS,PROGRESS	1	86	0.000000,287.000000,508.000000,(56%) 286 Runtime = 3.2 seconds
06/23/2025 16:05:58	PROGRESS,PROGRESS	1	87	0.000000,288.000000,508.000000,(56%) 287 Runtime = 3.3 seconds
06/23/2025 16:05:58	PROGRESS,PROGRESS	1	87	0.000000,289.000000,508.000000,(56%) 288 Runtime = 3.3 seconds
06/23/2025 16:05:58	PROGRESS,PROGRESS	1	87	0.000000,290.000000,508.000000,(57%) 289 Runtime = 3.3 seconds
06/23/2025 16:05:58	PROGRESS,PROGRESS	1	87	0.000000,291.000000,508.000000,(57%) 290 Runtime = 3.3 seconds
06/23/2025 16:05:58	PROGRESS,PROGRESS	1	87	0.000000,292.000000,508.000000,(57%) 291 Runtime = 3.3 seconds
06/23/2025 16:05:58	PROGRESS,PROGRESS	1	87	0.000000,293.000000,508.000000,(57%) 292 Runtime = 3.3 seconds
06/23/2025 16:05:58	PROGRESS,PROGRESS	1	87	0.000000,294.000000,508.000000,(57%) 293 Runtime = 3.3 seconds
06/23/2025 16:05:58	PROGRESS,PROGRESS	1	88	0.000000,295.000000,508.000000,(58%) 294 Runtime = 3.3 seconds
06/23/2025 16:05:59	PROGRESS,PROGRESS	1	88	0.000000,296.000000,508.000000,(58%) 295 Runtime = 3.3 seconds
06/23/2025 16:05:59	PROGRESS,PROGRESS	1	88	0.000000,297.000000,508.000000,(58%) 296 Runtime = 3.4 seconds
06/23/2025 16:05:59	PROGRESS,PROGRESS	1	88	0.000000,298.000000,508.000000,(58%) 297 Runtime = 3.4 seconds
06/23/2025 16:05:59	PROGRESS,PROGRESS	1	88	0.000000,299.000000,508.000000,(58%) 298 Runtime = 3.4 seconds
06/23/2025 16:05:59	PROGRESS,PROGRESS	1	88	0.000000,300.000000,508.000000,(59%) 299 Runtime = 3.4 seconds
06/23/2025 16:05:59	PROGRESS,PROGRESS	1	88	0.000000,301.000000,508.000000,(59%) 300 Runtime = 3.4 seconds
06/23/2025 16:05:59	PROGRESS,PROGRESS	1	88	0.000000,302.000000,508.000000,(59%) 301 Runtime = 3.4 seconds
06/23/2025 16:05:59	PROGRESS,PROGRESS	1	89	0.000000,303.000000,508.000000,(59%) 302 Runtime = 3.4 seconds
06/23/2025 16:05:59	PROGRESS,PROGRESS	1	89	0.000000,304.000000,508.000000,(59%) 303 Runtime = 3.4 seconds
06/23/2025 16:05:59	PROGRESS,PROGRESS	1	89	0.000000,305.000000,508.000000,(60%) 304 Runtime = 3.4 seconds
06/23/2025 16:05:59	PROGRESS,PROGRESS	1	89	0.000000,306.000000,508.000000,(60%) 305 Runtime = 3.5 seconds
06/23/2025 16:05:59	PROGRESS,PROGRESS	1	89	0.000000,307.000000,508.000000,(60%) 306 Runtime = 3.5 seconds
06/23/2025 16:05:59	PROGRESS,PROGRESS	1	89	0.000000,308.000000,508.000000,(60%) 307 Runtime = 3.5 seconds
06/23/2025 16:05:59	PROGRESS,PROGRESS	1	89	0.000000,309.000000,508.000000,(60%) 308 Runtime = 3.5 seconds
06/23/2025 16:05:59	PROGRESS,PROGRESS	1	89	0.000000,310.000000,508.000000,(61%) 309 Runtime = 3.5 seconds
06/23/2025 16:05:59	PROGRESS,PROGRESS	1	90	0.000000,311.000000,508.000000,(61%) 310 Runtime = 3.5 seconds
06/23/2025 16:05:59	PROGRESS,PROGRESS	1	90	0.000000,312.000000,508.000000,(61%) 311 Runtime = 3.5 seconds
06/23/2025 16:05:59	PROGRESS,PROGRESS	1	90	0.000000,313.000000,508.000000,(61%) 312 Runtime = 3.5 seconds
06/23/2025 16:05:59	PROGRESS,PROGRESS	1	90	0.000000,314.000000,508.000000,(61%) 313 Runtime = 3.5 seconds
06/23/2025 16:05:59	PROGRESS,PROGRESS	1	90	0.000000,315.000000,508.000000,(62%) 314 Runtime = 3.5 seconds
06/23/2025 16:05:59	PROGRESS,PROGRESS	1	90	0.000000,316.000000,508.000000,(62%) 315 Runtime = 3.6 seconds
06/23/2025 16:05:59	PROGRESS,PROGRESS	1	90	0.000000,317.000000,508.000000,(62%) 316 Runtime = 3.6 seconds
06/23/2025 16:05:59	PROGRESS,PROGRESS	1	91	0.000000,318.000000,508.000000,(62%) 317 Runtime = 3.6 seconds
06/23/2025 16:05:59	PROGRESS,PROGRESS	1	91	0.000000,319.000000,508.000000,(62%) 318 Runtime = 3.6 seconds
06/23/2025 16:05:59	PROGRESS,PROGRESS	1	91	0.000000,320.000000,508.000000,(62%) 319 Runtime = 3.6 seconds
06/23/2025 16:05:59	PROGRESS,PROGRESS	1	91	0.000000,321.000000,508.000000,(63%) 320 Runtime = 3.6 seconds
06/23/2025 16:05:59	PROGRESS,PROGRESS	1	91	0.000000,322.000000,508.000000,(63%) 321 Runtime = 3.6 seconds
06/23/2025 16:05:59	PROGRESS,PROGRESS	1	91	0.000000,323.000000,508.000000,(63%) 322 Runtime = 3.6 seconds
06/23/2025 16:05:59	PROGRESS,PROGRESS	1	91	0.000000,324.000000,508.000000,(63%) 323 Runtime = 3.6 seconds
06/23/2025 16:05:59	PROGRESS,PROGRESS	1	91	0.000000,325.000000,508.000000,(63%) 324 Runtime = 3.7 seconds
06/23/2025 16:05:59	PROGRESS,PROGRESS	1	92	0.000000,326.000000,508.000000,(64%) 325 Runtime = 3.7 seconds
06/23/2025 16:05:59	PROGRESS,PROGRESS	1	92	0.000000,327.000000,508.000000,(64%) 326 Runtime = 3.7 seconds
06/23/2025 16:05:59	PROGRESS,PROGRESS	1	92	0.000000,328.000000,508.000000,(64%) 327 Runtime = 3.7 seconds
06/23/2025 16:05:59	PROGRESS,PROGRESS	1	92	0.000000,329.000000,508.000000,(64%) 328 Runtime = 3.7 seconds
06/23/2025 16:05:59	PROGRESS,PROGRESS	1	92	0.000000,330.000000,508.000000,(64%) 329 Runtime = 3.7 seconds
06/23/2025 16:05:59	PROGRESS,PROGRESS	1	92	0.000000,331.000000,508.000000,(65%) 330 Runtime = 3.7 seconds
06/23/2025 16:05:59	PROGRESS,PROGRESS	1	92	0.000000,332.000000,508.000000,(65%) 331 Runtime = 3.7 seconds
06/23/2025 16:05:59	PROGRESS,PROGRESS	1	92	0.000000,333.000000,508.000000,(65%) 332 Runtime = 3.7 seconds
06/23/2025 16:05:59	PROGRESS,PROGRESS	1	93	0.000000,334.000000,508.000000,(65%) 333 Runtime = 3.8 seconds
06/23/2025 16:05:59	PROGRESS,PROGRESS	1	93	0.000000,335.000000,508.000000,(65%) 334 Runtime = 3.8 seconds
06/23/2025 16:05:59	PROGRESS,PROGRESS	1	93	0.000000,336.000000,508.000000,(66%) 335 Runtime = 3.8 seconds
06/23/2025 16:05:59	PROGRESS,PROGRESS	1	93	0.000000,337.000000,508.000000,(66%) 336 Runtime = 3.8 seconds
06/23/2025 16:05:59	PROGRESS,PROGRESS	1	93	0.000000,338.000000,508.000000,(66%) 337 Runtime = 3.8 seconds
06/23/2025 16:05:59	PROGRESS,PROGRESS	1	93	0.000000,339.000000,508.000000,(66%) 338 Runtime = 3.8 seconds
06/23/2025 16:05:59	PROGRESS,PROGRESS	1	93	0.000000,340.000000,508.000000,(66%) 339 Runtime = 3.8 seconds
06/23/2025 16:05:59	PROGRESS,PROGRESS	1	94	0.000000,341.000000,508.000000,(67%) 340 Runtime = 3.8 seconds
06/23/2025 16:05:59	PROGRESS,PROGRESS	1	94	0.000000,342.000000,508.000000,(67%) 341 Runtime = 3.8 seconds
06/23/2025 16:05:59	PROGRESS,PROGRESS	1	94	0.000000,343.000000,508.000000,(67%) 342 Runtime = 3.8 seconds
06/23/2025 16:05:59	PROGRESS,PROGRESS	1	94	0.000000,344.000000,508.000000,(67%) 343 Runtime = 3.9 seconds
06/23/2025 16:05:59	PROGRESS,PROGRESS	1	94	0.000000,345.000000,508.000000,(67%) 344 Runtime = 3.9 seconds
06/23/2025 16:05:59	PROGRESS,PROGRESS	1	94	0.000000,346.000000,508.000000,(68%) 345 Runtime = 3.9 seconds
06/23/2025 16:05:59	PROGRESS,PROGRESS	1	94	0.000000,347.000000,508.000000,(68%) 346 Runtime = 3.9 seconds
06/23/2025 16:05:59	PROGRESS,PROGRESS	1	94	0.000000,348.000000,508.000000,(68%) 347 Runtime = 3.9 seconds
06/23/2025 16:05:59	PROGRESS,PROGRESS	1	95	0.000000,349.000000,508.000000,(68%) 348 Runtime = 3.9 seconds
06/23/2025 16:05:59	PROGRESS,PROGRESS	1	95	0.000000,350.000000,508.000000,(68%) 349 Runtime = 3.9 seconds
06/23/2025 16:05:59	PROGRESS,PROGRESS	1	95	0.000000,351.000000,508.000000,(69%) 350 Runtime = 3.9 seconds
06/23/2025 16:05:59	PROGRESS,PROGRESS	1	95	0.000000,352.000000,508.000000,(69%) 351 Runtime = 3.9 seconds
06/23/2025 16:05:59	PROGRESS,PROGRESS	1	95	0.000000,353.000000,508.000000,(69%) 352 Runtime = 4.0 seconds
06/23/2025 16:05:59	PROGRESS,PROGRESS	1	95	0.000000,354.000000,508.000000,(69%) 353 Runtime = 4.0 seconds
06/23/2025 16:05:59	PROGRESS,PROGRESS	1	95	0.000000,355.000000,508.000000,(69%) 354 Runtime = 4.0 seconds
06/23/2025 16:05:59	PROGRESS,PROGRESS	1	95	0.000000,356.000000,508.000000,(70%) 355 Runtime = 4.0 seconds
06/23/2025 16:05:59	PROGRESS,PROGRESS	1	96	0.000000,357.000000,508.000000,(70%) 356 Runtime = 4.0 seconds
06/23/2025 16:05:59	PROGRESS,PROGRESS	1	96	0.000000,358.000000,508.000000,(70%) 357 Runtime = 4.0 seconds
06/23/2025 16:05:59	PROGRESS,PROGRESS	1	96	0.000000,359.000000,508.000000,(70%) 358 Runtime = 4.0 seconds
06/23/2025 16:05:59	PROGRESS,PROGRESS	1	96	0.000000,360.000000,508.000000,(70%) 359 Runtime = 4.0 seconds
06/23/2025 16:05:59	PROGRESS,PROGRESS	1	96	0.000000,361.000000,508.000000,(71%) 360 Runtime = 4.0 seconds
06/23/2025 16:05:59	PROGRESS,PROGRESS	1	96	0.000000,362.000000,508.000000,(71%) 361 Runtime = 4.0 seconds
06/23/2025 16:05:59	PROGRESS,PROGRESS	1	96	0.000000,363.000000,508.000000,(71%) 362 Runtime = 4.1 seconds
06/23/2025 16:05:59	PROGRESS,PROGRESS	1	97	0.000000,364.000000,508.000000,(71%) 363 Runtime = 4.1 seconds
06/23/2025 16:05:59	PROGRESS,PROGRESS	1	97	0.000000,365.000000,508.000000,(71%) 364 Runtime = 4.1 seconds
06/23/2025 16:05:59	PROGRESS,PROGRESS	1	97	0.000000,366.000000,508.000000,(72%) 365 Runtime = 4.1 seconds
06/23/2025 16:05:59	PROGRESS,PROGRESS	1	97	0.000000,367.000000,508.000000,(72%) 366 Runtime = 4.1 seconds
06/23/2025 16:05:59	PROGRESS,PROGRESS	1	97	0.000000,368.000000,508.000000,(72%) 367 Runtime = 4.1 seconds
06/23/2025 16:05:59	PROGRESS,PROGRESS	1	97	0.000000,369.000000,508.000000,(72%) 368 Runtime = 4.1 seconds
06/23/2025 16:05:59	PROGRESS,PROGRESS	1	97	0.000000,370.000000,508.000000,(72%) 369 Runtime = 4.1 seconds
06/23/2025 16:05:59	PROGRESS,PROGRESS	1	97	0.000000,371.000000,508.000000,(73%) 370 Runtime = 4.1 seconds
06/23/2025 16:05:59	PROGRESS,PROGRESS	1	98	0.000000,372.000000,508.000000,(73%) 371 Runtime = 4.2 seconds
06/23/2025 16:05:59	PROGRESS,PROGRESS	1	98	0.000000,373.000000,508.000000,(73%) 372 Runtime = 4.2 seconds
06/23/2025 16:05:59	PROGRESS,PROGRESS	1	98	0.000000,374.000000,508.000000,(73%) 373 Runtime = 4.2 seconds
06/23/2025 16:05:59	PROGRESS,PROGRESS	1	98	0.000000,375.000000,508.000000,(73%) 374 Runtime = 4.2 seconds
06/23/2025 16:05:59	PROGRESS,PROGRESS	1	98	0.000000,376.000000,508.000000,(74%) 375 Runtime = 4.2 seconds
06/23/2025 16:05:59	PROGRESS,PROGRESS	1	98	0.000000,377.000000,508.000000,(74%) 376 Runtime = 4.2 seconds
06/23/2025 16:05:59	PROGRESS,PROGRESS	1	98	0.000000,378.000000,508.000000,(74%) 377 Runtime = 4.2 seconds
06/23/2025 16:05:59	PROGRESS,PROGRESS	1	98	0.000000,379.000000,508.000000,(74%) 378 Runtime = 4.2 seconds
06/23/2025 16:05:59	PROGRESS,PROGRESS	1	99	0.000000,380.000000,508.000000,(74%) 379 Runtime = 4.2 seconds
06/23/2025 16:05:59	PROGRESS,PROGRESS	1	99	0.000000,381.000000,508.000000,(75%) 380 Runtime = 4.3 seconds
06/23/2025 16:05:59	PROGRESS,PROGRESS	1	99	0.000000,382.000000,508.000000,(75%) 381 Runtime = 4.3 seconds
06/23/2025 16:05:59	PROGRESS,PROGRESS	1	99	0.000000,383.000000,508.000000,(75%) 382 Runtime = 4.3 seconds
06/23/2025 16:05:59	PROGRESS,PROGRESS	1	99	0.000000,384.000000,508.000000,(75%) 383 Runtime = 4.3 seconds
06/23/2025 16:05:59	PROGRESS,PROGRESS	1	99	0.000000,385.000000,508.000000,(75%) 384 Runtime = 4.3 seconds
06/23/2025 16:05:59	PROGRESS,PROGRESS	1	99	0.000000,386.000000,508.000000,(75%) 385 Runtime = 4.3 seconds
06/23/2025 16:05:59	PROGRESS,PROGRESS	1	100	0.000000,387.000000,508.000000,(76%) 386 Runtime = 4.3 seconds
06/23/2025 16:05:59	PROGRESS,PROGRESS	1	100	0.000000,388.000000,508.000000,(76%) 387 Runtime = 4.3 seconds
06/23/2025 16:06:00	PROGRESS,PROGRESS	1	100	0.000000,389.000000,508.000000,(76%) 388 Runtime = 4.3 seconds
06/23/2025 16:06:00	PROGRESS,PROGRESS	1	100	0.000000,390.000000,508.000000,(76%) 389 Runtime = 4.3 seconds
06/23/2025 16:06:00	PROGRESS,PROGRESS	1	100	0.000000,391.000000,508.000000,(76%) 390 Runtime = 4.4 seconds
06/23/2025 16:06:00	PROGRESS,PROGRESS	1	100	0.000000,392.000000,508.000000,(77%) 391 Runtime = 4.4 seconds
06/23/2025 16:06:00	PROGRESS,PROGRESS	1	100	0.000000,393.000000,508.000000,(77%) 392 Runtime = 4.4 seconds
06/23/2025 16:06:00	PROGRESS,PROGRESS	1	100	0.000000,394.000000,508.000000,(77%) 393 Runtime = 4.4 seconds
06/23/2025 16:06:00	PROGRESS,PROGRESS	1	101	0.000000,395.000000,508.000000,(77%) 394 Runtime = 4.4 seconds
06/23/2025 16:06:00	PROGRESS,PROGRESS	1	101	0.000000,396.000000,508.000000,(77%) 395 Runtime = 4.4 seconds
06/23/2025 16:06:00	PROGRESS,PROGRESS	1	101	0.000000,397.000000,508.000000,(78%) 396 Runtime = 4.4 seconds
06/23/2025 16:06:00	PROGRESS,PROGRESS	1	101	0.000000,398.000000,508.000000,(78%) 397 Runtime = 4.4 seconds
06/23/2025 16:06:00	PROGRESS,PROGRESS	1	101	0.000000,399.000000,508.000000,(78%) 398 Runtime = 4.4 seconds
06/23/2025 16:06:00	PROGRESS,PROGRESS	1	101	0.000000,400.000000,508.000000,(78%) 399 Runtime = 4.5 seconds
06/23/2025 16:06:00	PROGRESS,PROGRESS	1	101	0.000000,401.000000,508.000000,(78%) 400 Runtime = 4.5 seconds
06/23/2025 16:06:00	PROGRESS,PROGRESS	1	102	0.000000,402.000000,508.000000,(79%) 401 Runtime = 4.5 seconds
06/23/2025 16:06:00	PROGRESS,PROGRESS	1	102	0.000000,403.000000,508.000000,(79%) 402 Runtime = 4.5 seconds
06/23/2025 16:06:00	PROGRESS,PROGRESS	1	102	0.000000,404.000000,508.000000,(79%) 403 Runtime = 4.5 seconds
06/23/2025 16:06:00	PROGRESS,PROGRESS	1	102	0.000000,405.000000,508.000000,(79%) 404 Runtime = 4.5 seconds
06/23/2025 16:06:00	PROGRESS,PROGRESS	1	102	0.000000,406.000000,508.000000,(79%) 405 Runtime = 4.5 seconds
06/23/2025 16:06:00	PROGRESS,PROGRESS	1	102	0.000000,407.000000,508.000000,(80%) 406 Runtime = 4.5 seconds
06/23/2025 16:06:00	PROGRESS,PROGRESS	1	102	0.000000,408.000000,508.000000,(80%) 407 Runtime = 4.5 seconds
06/23/2025 16:06:00	PROGRESS,PROGRESS	1	102	0.000000,409.000000,508.000000,(80%) 408 Runtime = 4.5 seconds
06/23/2025 16:06:00	PROGRESS,PROGRESS	1	103	0.000000,410.000000,508.000000,(80%) 409 Runtime = 4.6 seconds
06/23/2025 16:06:00	PROGRESS,PROGRESS	1	103	0.000000,411.000000,508.000000,(80%) 410 Runtime = 4.6 seconds
06/23/2025 16:06:00	PROGRESS,PROGRESS	1	103	0.000000,412.000000,508.000000,(81%) 411 Runtime = 4.6 seconds
06/23/2025 16:06:00	PROGRESS,PROGRESS	1	103	0.000000,413.000000,508.000000,(81%) 412 Runtime = 4.6 seconds
06/23/2025 16:06:00	PROGRESS,PROGRESS	1	103	0.000000,414.000000,508.000000,(81%) 413 Runtime = 4.6 seconds
06/23/2025 16:06:00	PROGRESS,PROGRESS	1	103	0.000000,415.000000,508.000000,(81%) 414 Runtime = 4.6 seconds
06/23/2025 16:06:00	PROGRESS,PROGRESS	1	103	0.000000,416.000000,508.000000,(81%) 415 Runtime = 4.6 seconds
06/23/2025 16:06:00	PROGRESS,PROGRESS	1	103	0.000000,417.000000,508.000000,(82%) 416 Runtime = 4.6 seconds
06/23/2025 16:06:00	PROGRESS,PROGRESS	1	104	0.000000,418.000000,508.000000,(82%) 417 Runtime = 4.6 seconds
06/23/2025 16:06:00	PROGRESS,PROGRESS	1	104	0.000000,419.000000,508.000000,(82%) 418 Runtime = 4.7 seconds
06/23/2025 16:06:00	PROGRESS,PROGRESS	1	104	0.000000,420.000000,508.000000,(82%) 419 Runtime = 4.7 seconds
06/23/2025 16:06:00	PROGRESS,PROGRESS	1	104	0.000000,421.000000,508.000000,(82%) 420 Runtime = 4.7 seconds
06/23/2025 16:06:00	PROGRESS,PROGRESS	1	104	0.000000,422.000000,508.000000,(83%) 421 Runtime = 4.7 seconds
06/23/2025 16:06:00	PROGRESS,PROGRESS	1	104	0.000000,423.000000,508.000000,(83%) 422 Runtime = 4.7 seconds
06/23/2025 16:06:00	PROGRESS,PROGRESS	1	105	0.000000,424.000000,508.000000,(83%) 423 Runtime = 4.7 seconds
06/23/2025 16:06:00	PROGRESS,PROGRESS	1	105	0.000000,425.000000,508.000000,(83%) 424 Runtime = 4.7 seconds
06/23/2025 16:06:00	PROGRESS,PROGRESS	1	105	0.000000,426.000000,508.000000,(83%) 425 Runtime = 4.7 seconds
06/23/2025 16:06:00	PROGRESS,PROGRESS	1	105	0.000000,427.000000,508.000000,(84%) 426 Runtime = 4.7 seconds
06/23/2025 16:06:00	PROGRESS,PROGRESS	1	105	0.000000,428.000000,508.000000,(84%) 427 Runtime = 4.7 seconds
06/23/2025 16:06:00	PROGRESS,PROGRESS	1	105	0.000000,429.000000,508.000000,(84%) 428 Runtime = 4.8 seconds
06/23/2025 16:06:00	PROGRESS,PROGRESS	1	105	0.000000,430.000000,508.000000,(84%) 429 Runtime = 4.8 seconds
06/23/2025 16:06:00	PROGRESS,PROGRESS	1	105	0.000000,431.000000,508.000000,(84%) 430 Runtime = 4.8 seconds
06/23/2025 16:06:00	PROGRESS,PROGRESS	1	105	0.000000,432.000000,508.000000,(85%) 431 Runtime = 4.8 seconds
06/23/2025 16:06:00	PROGRESS,PROGRESS	1	106	0.000000,433.000000,508.000000,(85%) 432 Runtime = 4.8 seconds
06/23/2025 16:06:00	PROGRESS,PROGRESS	1	106	0.000000,434.000000,508.000000,(85%) 433 Runtime = 4.8 seconds
06/23/2025 16:06:00	PROGRESS,PROGRESS	1	106	0.000000,435.000000,508.000000,(85%) 434 Runtime = 4.8 seconds
06/23/2025 16:06:00	PROGRESS,PROGRESS	1	106	0.000000,436.000000,508.000000,(85%) 435 Runtime = 4.8 seconds
06/23/2025 16:06:00	PROGRESS,PROGRESS	1	106	0.000000,437.000000,508.000000,(86%) 436 Runtime = 4.8 seconds
06/23/2025 16:06:00	PROGRESS,PROGRESS	1	106	0.000000,438.000000,508.000000,(86%) 437 Runtime = 4.9 seconds
06/23/2025 16:06:00	PROGRESS,PROGRESS	1	106	0.000000,439.000000,508.000000,(86%) 438 Runtime = 4.9 seconds
06/23/2025 16:06:00	PROGRESS,PROGRESS	1	106	0.000000,440.000000,508.000000,(86%) 439 Runtime = 4.9 seconds
06/23/2025 16:06:00	PROGRESS,PROGRESS	1	107	0.000000,441.000000,508.000000,(86%) 440 Runtime = 4.9 seconds
06/23/2025 16:06:00	PROGRESS,PROGRESS	1	107	0.000000,442.000000,508.000000,(87%) 441 Runtime = 4.9 seconds
06/23/2025 16:06:00	PROGRESS,PROGRESS	1	107	0.000000,443.000000,508.000000,(87%) 442 Runtime = 4.9 seconds
06/23/2025 16:06:00	PROGRESS,PROGRESS	1	107	0.000000,444.000000,508.000000,(87%) 443 Runtime = 4.9 seconds
06/23/2025 16:06:00	PROGRESS,PROGRESS	1	107	0.000000,445.000000,508.000000,(87%) 444 Runtime = 4.9 seconds
06/23/2025 16:06:00	PROGRESS,PROGRESS	1	107	0.000000,446.000000,508.000000,(87%) 445 Runtime = 4.9 seconds
06/23/2025 16:06:00	PROGRESS,PROGRESS	1	107	0.000000,447.000000,508.000000,(87%) 446 Runtime = 4.9 seconds
06/23/2025 16:06:00	PROGRESS,PROGRESS	1	108	0.000000,448.000000,508.000000,(88%) 447 Runtime = 5.0 seconds
06/23/2025 16:06:00	PROGRESS,PROGRESS	1	108	0.000000,449.000000,508.000000,(88%) 448 Runtime = 5.0 seconds
06/23/2025 16:06:00	PROGRESS,PROGRESS	1	108	0.000000,450.000000,508.000000,(88%) 449 Runtime = 5.0 seconds
06/23/2025 16:06:00	PROGRESS,PROGRESS	1	108	0.000000,451.000000,508.000000,(88%) 450 Runtime = 5.0 seconds
06/23/2025 16:06:00	PROGRESS,PROGRESS	1	108	0.000000,452.000000,508.000000,(88%) 451 Runtime = 5.0 seconds
06/23/2025 16:06:00	PROGRESS,PROGRESS	1	108	0.000000,453.000000,508.000000,(89%) 452 Runtime = 5.0 seconds
06/23/2025 16:06:00	PROGRESS,PROGRESS	1	108	0.000000,454.000000,508.000000,(89%) 453 Runtime = 5.0 seconds
06/23/2025 16:06:00	PROGRESS,PROGRESS	1	108	0.000000,455.000000,508.000000,(89%) 454 Runtime = 5.0 seconds
06/23/2025 16:06:00	PROGRESS,PROGRESS	1	109	0.000000,456.000000,508.000000,(89%) 455 Runtime = 5.0 seconds
06/23/2025 16:06:00	PROGRESS,PROGRESS	1	109	0.000000,457.000000,508.000000,(89%) 456 Runtime = 5.1 seconds
06/23/2025 16:06:00	PROGRESS,PROGRESS	1	109	0.000000,458.000000,508.000000,(90%) 457 Runtime = 5.1 seconds
06/23/2025 16:06:00	PROGRESS,PROGRESS	1	109	0.000000,459.000000,508.000000,(90%) 458 Runtime = 5.1 seconds
06/23/2025 16:06:00	PROGRESS,PROGRESS	1	109	0.000000,460.000000,508.000000,(90%) 459 Runtime = 5.1 seconds
06/23/2025 16:06:00	PROGRESS,PROGRESS	1	109	0.000000,461.000000,508.000000,(90%) 460 Runtime = 5.1 seconds
06/23/2025 16:06:00	PROGRESS,PROGRESS	1	109	0.000000,462.000000,508.000000,(90%) 461 Runtime = 5.1 seconds
06/23/2025 16:06:00	PROGRESS,PROGRESS	1	109	0.000000,463.000000,508.000000,(91%) 462 Runtime = 5.1 seconds
06/23/2025 16:06:00	PROGRESS,PROGRESS	1	110	0.000000,464.000000,508.000000,(91%) 463 Runtime = 5.1 seconds
06/23/2025 16:06:00	PROGRESS,PROGRESS	1	110	0.000000,465.000000,508.000000,(91%) 464 Runtime = 5.1 seconds
06/23/2025 16:06:00	PROGRESS,PROGRESS	1	110	0.000000,466.000000,508.000000,(91%) 465 Runtime = 5.1 seconds
06/23/2025 16:06:00	PROGRESS,PROGRESS	1	110	0.000000,467.000000,508.000000,(91%) 466 Runtime = 5.2 seconds
06/23/2025 16:06:00	PROGRESS,PROGRESS	1	110	0.000000,468.000000,508.000000,(92%) 467 Runtime = 5.2 seconds
06/23/2025 16:06:00	PROGRESS,PROGRESS	1	110	0.000000,469.000000,508.000000,(92%) 468 Runtime = 5.2 seconds
06/23/2025 16:06:00	PROGRESS,PROGRESS	1	110	0.000000,470.000000,508.000000,(92%) 469 Runtime = 5.2 seconds
06/23/2025 16:06:00	PROGRESS,PROGRESS	1	111	0.000000,471.000000,508.000000,(92%) 470 Runtime = 5.2 seconds
06/23/2025 16:06:00	PROGRESS,PROGRESS	1	111	0.000000,472.000000,508.000000,(92%) 471 Runtime = 5.2 seconds
06/23/2025 16:06:00	PROGRESS,PROGRESS	1	111	0.000000,473.000000,508.000000,(93%) 472 Runtime = 5.2 seconds
06/23/2025 16:06:00	PROGRESS,PROGRESS	1	111	0.000000,474.000000,508.000000,(93%) 473 Runtime = 5.2 seconds
06/23/2025 16:06:00	PROGRESS,PROGRESS	1	111	0.000000,475.000000,508.000000,(93%) 474 Runtime = 5.2 seconds
06/23/2025 16:06:00	PROGRESS,PROGRESS	1	111	0.000000,476.000000,508.000000,(93%) 475 Runtime = 5.3 seconds
06/23/2025 16:06:00	PROGRESS,PROGRESS	1	111	0.000000,477.000000,508.000000,(93%) 476 Runtime = 5.3 seconds
06/23/2025 16:06:00	PROGRESS,PROGRESS	1	111	0.000000,478.000000,508.000000,(94%) 477 Runtime = 5.3 seconds
06/23/2025 16:06:00	PROGRESS,PROGRESS	1	112	0.000000,479.000000,508.000000,(94%) 478 Runtime = 5.3 seconds
06/23/2025 16:06:00	PROGRESS,PROGRESS	1	112	0.000000,480.000000,508.000000,(94%) 479 Runtime = 5.3 seconds
06/23/2025 16:06:00	PROGRESS,PROGRESS	1	112	0.000000,481.000000,508.000000,(94%) 480 Runtime = 5.3 seconds
06/23/2025 16:06:00	PROGRESS,PROGRESS	1	112	0.000000,482.000000,508.000000,(94%) 481 Runtime = 5.3 seconds
06/23/2025 16:06:00	PROGRESS,PROGRESS	1	112	0.000000,483.000000,508.000000,(95%) 482 Runtime = 5.3 seconds
06/23/2025 16:06:01	PROGRESS,PROGRESS	1	112	0.000000,484.000000,508.000000,(95%) 483 Runtime = 5.3 seconds
06/23/2025 16:06:01	PROGRESS,PROGRESS	1	112	0.000000,485.000000,508.000000,(95%) 484 Runtime = 5.3 seconds
06/23/2025 16:06:01	PROGRESS,PROGRESS	1	112	0.000000,486.000000,508.000000,(95%) 485 Runtime = 5.4 seconds
06/23/2025 16:06:01	PROGRESS,PROGRESS	1	113	0.000000,487.000000,508.000000,(95%) 486 Runtime = 5.4 seconds
06/23/2025 16:06:01	PROGRESS,PROGRESS	1	113	0.000000,488.000000,508.000000,(96%) 487 Runtime = 5.4 seconds
06/23/2025 16:06:01	PROGRESS,PROGRESS	1	113	0.000000,489.000000,508.000000,(96%) 488 Runtime = 5.4 seconds
06/23/2025 16:06:01	PROGRESS,PROGRESS	1	113	0.000000,490.000000,508.000000,(96%) 489 Runtime = 5.4 seconds
06/23/2025 16:06:01	PROGRESS,PROGRESS	1	113	0.000000,491.000000,508.000000,(96%) 490 Runtime = 5.4 seconds
06/23/2025 16:06:01	PROGRESS,PROGRESS	1	113	0.000000,492.000000,508.000000,(96%) 491 Runtime = 5.4 seconds
06/23/2025 16:06:01	PROGRESS,PROGRESS	1	113	0.000000,493.000000,508.000000,(97%) 492 Runtime = 5.4 seconds
06/23/2025 16:06:01	PROGRESS,PROGRESS	1	113	0.000000,494.000000,508.000000,(97%) 493 Runtime = 5.4 seconds
06/23/2025 16:06:01	PROGRESS,PROGRESS	1	114	0.000000,495.000000,508.000000,(97%) 494 Runtime = 5.5 seconds
06/23/2025 16:06:01	PROGRESS,PROGRESS	1	114	0.000000,496.000000,508.000000,(97%) 495 Runtime = 5.5 seconds
06/23/2025 16:06:01	PROGRESS,PROGRESS	1	114	0.000000,497.000000,508.000000,(97%) 496 Runtime = 5.5 seconds
06/23/2025 16:06:01	PROGRESS,PROGRESS	1	114	0.000000,498.000000,508.000000,(98%) 497 Runtime = 5.5 seconds
06/23/2025 16:06:01	PROGRESS,PROGRESS	1	114	0.000000,499.000000,508.000000,(98%) 498 Runtime = 5.5 seconds
06/23/2025 16:06:01	PROGRESS,PROGRESS	1	114	0.000000,500.000000,508.000000,(98%) 499 Runtime = 5.5 seconds
06/23/2025 16:06:01	PROGRESS,PROGRESS	1	114	0.000000,501.000000,508.000000,(98%) 500 Runtime = 5.5 seconds
06/23/2025 16:06:01	PROGRESS,PROGRESS	1	115	0.000000,502.000000,508.000000,(98%) 501 Runtime = 5.5 seconds
06/23/2025 16:06:01	PROGRESS,PROGRESS	1	115	0.000000,503.000000,508.000000,(99%) 502 Runtime = 5.5 seconds
06/23/2025 16:06:01	PROGRESS,PROGRESS	1	115	0.000000,504.000000,508.000000,(99%) 503 Runtime = 5.5 seconds
06/23/2025 16:06:01	PROGRESS,PROGRESS	1	115	0.000000,505.000000,508.000000,(99%) 504 Runtime = 5.6 seconds
06/23/2025 16:06:01	PROGRESS,PROGRESS	1	115	0.000000,506.000000,508.000000,(99%) 505 Runtime = 5.6 seconds
06/23/2025 16:06:01	PROGRESS,PROGRESS	1	115	0.000000,507.000000,508.000000,(99%) 506 Runtime = 5.6 seconds
06/23/2025 16:06:01	PROGRESS,PROGRESS	1	115	0.000000,508.000000,508.000000,(100%) 507 Runtime = 5.6 seconds
06/23/2025 16:06:01	PROGRESS,PROGRESS	1	115	0.000000,508.000000,508.000000,(100%) 33991 TXT/VCF/tPED
06/23/2025 16:06:01	INFO	1	48	Writing file JD_PFR_Genotyping.map
06/23/2025 16:06:01	dset	1	48	Cursor(): 0000016FAAD06180
06/23/2025 16:06:01	dset	4	48	Dset::IO_TsvFile::fstream_push(0000016FAAD0EE90)
06/23/2025 16:06:01	dset	4	48	Dset::IO_TsvFile::fstream_pop(0000016FAAD0EE90)
06/23/2025 16:06:01	PROGRESS,PROGRESS	1	49	0.000000,0.000000,33991.000000,Exporting (MAP) SNPs
06/23/2025 16:06:01	PROGRESS,PROGRESS	1	49	0.000000,9000.000000,33991.000000,(26%) 9000 Runtime = 0.0 seconds
06/23/2025 16:06:01	PROGRESS,PROGRESS	1	49	0.000000,18000.000000,33991.000000,(52%) 18000 Runtime = 0.0 seconds
06/23/2025 16:06:01	PROGRESS,PROGRESS	1	49	0.000000,27000.000000,33991.000000,(79%) 27000 Runtime = 0.1 seconds
06/23/2025 16:06:01	PROGRESS,PROGRESS	1	49	0.000000,33991.000000,33991.000000,(100%) 33991 Plink MAP
06/23/2025 16:06:01	INFO	1	49	Plink MAP export completed. Runtime = 0.1 seconds
06/23/2025 16:06:01	GUI,INFO,LOG,PROGRESS	1	49	0.000000,2.000000,2.000000,(97%) Output files created.
06/23/2025 16:06:01	LOG,INFO,GUI	1	7	FormatResultNode::processExport(...) stop: Runtime: 7.06 seconds.
06/23/2025 16:06:01	LOG,INFO,GUI	1	7	FormatResultNode::doRunAll(...) stop: Runtime: 7.06 seconds.
06/23/2025 16:06:01	LOG,INFO,GUI	1	7	FormatResultEngineNode::doRunAll(...) stop: Runtime: 7.06 seconds.
06/23/2025 16:06:01	LOG,INFO,GUI	1	7	MainNode::doRunAll(...) stop: Runtime: 7.06 seconds.
06/23/2025 16:06:01	runtime,PROGRESS	1	7	0.000000,0.000000,0.000000,(0%) done. (rv=0)
06/23/2025 16:06:01	info,summary,LOG	1	7	
06/23/2025 16:06:01	info,summary,LOG	1	7	0 error(s) and 0 warning(s).
06/23/2025 16:06:01	info,summary,LOG	1	7	
06/23/2025 16:06:01	LOG	1	7	#### FormatResultEngineNode::doRunAll(...) TOTAL TIME : 7.06 seconds.
06/23/2025 16:06:01	LOG	1	7	#### FormatResultNode::doRunAll(...) TOTAL TIME : 7.06 seconds.
06/23/2025 16:06:01	LOG	1	7	#### FormatResultNode::processExport(...) TOTAL TIME : 7.06 seconds.
06/23/2025 16:06:01	LOG	1	7	#### MainNode::doRunAll(...) TOTAL TIME : 7.06 seconds.
06/23/2025 16:06:01	LOG	1	7	#### SnpIndexVector::loadAnnotationData(...) TOTAL TIME : 0.16 seconds.
06/23/2025 16:06:01	LOG	1	7	#### SnpIndexVector::readSnpIndexFile(std::string strSnpIndexFile, SnpList& snpList) TOTAL TIME : 0.07 seconds.
06/23/2025 16:06:01	info,LOG	1	7	
06/23/2025 16:06:01	LOG,INFO,GUI	1	7	Runtime: 0 hours 0 minutes and 8 seconds.
06/23/2025 16:06:01	info,LOG	1	7	
06/23/2025 16:06:01	LOG,INFO,GUI	1	7	Max memory usage: 115 MB
