PLINK v1.9.0-b.7.7 64-bit (22 Oct 2024)
Options in effect:
  --file JD_PFR_PLINK
  --genome full
  --missing-genotype 0
  --no-fid
  --no-parents
  --no-pheno
  --no-sex

Hostname: DESKTOP-CJT5HUM
Working directory: C:\Users\curly\Desktop\Apple Genotyping\Methods\PLINK Duplicate Identification
Start time: Mon Jun 23 18:34:26 2025

Random number seed: 1750660466
16072 MB RAM detected; reserving 8036 MB for main workspace.
Scanning .ped file... done.
Performing single-pass .bed write (33991 variants, 414 people).
--file: plink-temporary.bed + plink-temporary.bim + plink-temporary.fam
written.
33991 variants loaded from .bim file.
414 people (0 males, 0 females, 414 ambiguous) loaded from .fam.
Ambiguous sex IDs written to plink.nosex .
Using up to 8 threads (change this with --threads).
Before main variant filters, 414 founders and 0 nonfounders present.
Calculating allele frequencies... done.
Total genotyping rate is 0.998208.
33991 variants and 414 people pass filters and QC.
Note: No phenotypes present.
IBD calculations complete.
Finished writing plink.genome .

End time: Mon Jun 23 18:34:29 2025
